{"E:\\Semester 4\\Software Engineering\\Project Testing\\SE-Channel-schedule\\index.js": {"path":"E:\\Semester 4\\Software Engineering\\Project Testing\\SE-Channel-schedule\\index.js","statementMap":{"0":{"start":{"line":1,"column":16},"end":{"line":1,"column":34}},"1":{"start":{"line":2,"column":15},"end":{"line":2,"column":32}},"2":{"start":{"line":3,"column":19},"end":{"line":3,"column":41}},"3":{"start":{"line":4,"column":13},"end":{"line":4,"column":28}},"4":{"start":{"line":5,"column":12},"end":{"line":5,"column":26}},"5":{"start":{"line":6,"column":16},"end":{"line":6,"column":42}},"6":{"start":{"line":7,"column":13},"end":{"line":7,"column":41}},"7":{"start":{"line":8,"column":13},"end":{"line":8,"column":27}},"8":{"start":{"line":10,"column":0},"end":{"line":10,"column":16}},"9":{"start":{"line":13,"column":12},"end":{"line":13,"column":21}},"10":{"start":{"line":15,"column":0},"end":{"line":15,"column":34}},"11":{"start":{"line":16,"column":25},"end":{"line":16,"column":57}},"12":{"start":{"line":17,"column":0},"end":{"line":17,"column":42}},"13":{"start":{"line":18,"column":0},"end":{"line":18,"column":52}},"14":{"start":{"line":21,"column":0},"end":{"line":21,"column":30}},"15":{"start":{"line":24,"column":0},"end":{"line":24,"column":51}},"16":{"start":{"line":25,"column":0},"end":{"line":25,"column":27}},"17":{"start":{"line":26,"column":0},"end":{"line":36,"column":2}},"18":{"start":{"line":39,"column":0},"end":{"line":39,"column":34}},"19":{"start":{"line":43,"column":0},"end":{"line":52,"column":3}},"20":{"start":{"line":44,"column":2},"end":{"line":51,"column":3}},"21":{"start":{"line":45,"column":4},"end":{"line":45,"column":45}},"22":{"start":{"line":46,"column":4},"end":{"line":46,"column":21}},"23":{"start":{"line":48,"column":4},"end":{"line":50,"column":7}},"24":{"start":{"line":49,"column":6},"end":{"line":49,"column":62}},"25":{"start":{"line":54,"column":0},"end":{"line":54,"column":33}}},"fnMap":{"0":{"name":"(anonymous_0)","decl":{"start":{"line":43,"column":19},"end":{"line":43,"column":20}},"loc":{"start":{"line":43,"column":40},"end":{"line":52,"column":1}},"line":43},"1":{"name":"(anonymous_1)","decl":{"start":{"line":48,"column":50},"end":{"line":48,"column":51}},"loc":{"start":{"line":48,"column":56},"end":{"line":50,"column":5}},"line":48}},"branchMap":{"0":{"loc":{"start":{"line":44,"column":2},"end":{"line":51,"column":3}},"type":"if","locations":[{"start":{"line":44,"column":2},"end":{"line":51,"column":3}},{"start":{"line":44,"column":2},"end":{"line":51,"column":3}}],"line":44},"1":{"loc":{"start":{"line":48,"column":24},"end":{"line":48,"column":48}},"type":"binary-expr","locations":[{"start":{"line":48,"column":24},"end":{"line":48,"column":40}},{"start":{"line":48,"column":44},"end":{"line":48,"column":48}}],"line":48}},"s":{"0":1,"1":1,"2":1,"3":1,"4":1,"5":1,"6":1,"7":1,"8":1,"9":1,"10":1,"11":1,"12":1,"13":1,"14":1,"15":1,"16":1,"17":1,"18":1,"19":1,"20":1,"21":0,"22":0,"23":1,"24":1,"25":1},"f":{"0":1,"1":1},"b":{"0":[0,1],"1":[1,0]},"_coverageSchema":"1a1c01bbd47fc00a2c39e90264f33305004495a9","hash":"ab41d276db042b244ac114c14be5336d2838c9cb"}
,"E:\\Semester 4\\Software Engineering\\Project Testing\\SE-Channel-schedule\\config\\database.js": {"path":"E:\\Semester 4\\Software Engineering\\Project Testing\\SE-Channel-schedule\\config\\database.js","statementMap":{"0":{"start":{"line":1,"column":23},"end":{"line":1,"column":39}},"1":{"start":{"line":3,"column":14},"end":{"line":3,"column":30}},"2":{"start":{"line":5,"column":13},"end":{"line":14,"column":2}},"3":{"start":{"line":16,"column":0},"end":{"line":16,"column":22}}},"fnMap":{},"branchMap":{},"s":{"0":1,"1":1,"2":1,"3":1},"f":{},"b":{},"_coverageSchema":"1a1c01bbd47fc00a2c39e90264f33305004495a9","hash":"15cd78853185f222ee31c2b0ec7d26905ea0b084"}
,"E:\\Semester 4\\Software Engineering\\Project Testing\\SE-Channel-schedule\\controllers\\adminController.js": {"path":"E:\\Semester 4\\Software Engineering\\Project Testing\\SE-Channel-schedule\\controllers\\adminController.js","statementMap":{"0":{"start":{"line":5,"column":4},"end":{"line":5,"column":35}},"1":{"start":{"line":13,"column":4},"end":{"line":13,"column":35}},"2":{"start":{"line":14,"column":15},"end":{"line":14,"column":34}},"3":{"start":{"line":15,"column":28},"end":{"line":15,"column":58}},"4":{"start":{"line":20,"column":4},"end":{"line":20,"column":35}},"5":{"start":{"line":22,"column":0},"end":{"line":138,"column":2}},"6":{"start":{"line":25,"column":4},"end":{"line":28,"column":7}},"7":{"start":{"line":33,"column":17},"end":{"line":33,"column":25}},"8":{"start":{"line":34,"column":22},"end":{"line":34,"column":51}},"9":{"start":{"line":35,"column":4},"end":{"line":41,"column":5}},"10":{"start":{"line":36,"column":6},"end":{"line":40,"column":8}},"11":{"start":{"line":42,"column":4},"end":{"line":64,"column":5}},"12":{"start":{"line":43,"column":6},"end":{"line":43,"column":41}},"13":{"start":{"line":44,"column":6},"end":{"line":46,"column":7}},"14":{"start":{"line":45,"column":8},"end":{"line":45,"column":73}},"15":{"start":{"line":47,"column":40},"end":{"line":47,"column":44}},"16":{"start":{"line":49,"column":24},"end":{"line":49,"column":73}},"17":{"start":{"line":51,"column":6},"end":{"line":55,"column":7}},"18":{"start":{"line":52,"column":8},"end":{"line":54,"column":10}},"19":{"start":{"line":56,"column":6},"end":{"line":56,"column":34}},"20":{"start":{"line":57,"column":6},"end":{"line":57,"column":30}},"21":{"start":{"line":59,"column":6},"end":{"line":59,"column":40}},"22":{"start":{"line":61,"column":6},"end":{"line":63,"column":8}},"23":{"start":{"line":69,"column":4},"end":{"line":69,"column":42}},"24":{"start":{"line":74,"column":4},"end":{"line":74,"column":42}},"25":{"start":{"line":79,"column":17},"end":{"line":79,"column":25}},"26":{"start":{"line":80,"column":19},"end":{"line":80,"column":53}},"27":{"start":{"line":81,"column":4},"end":{"line":86,"column":5}},"28":{"start":{"line":82,"column":21},"end":{"line":82,"column":43}},"29":{"start":{"line":83,"column":6},"end":{"line":83,"column":41}},"30":{"start":{"line":85,"column":6},"end":{"line":85,"column":39}},"31":{"start":{"line":91,"column":21},"end":{"line":91,"column":42}},"32":{"start":{"line":92,"column":4},"end":{"line":92,"column":47}},"33":{"start":{"line":93,"column":4},"end":{"line":97,"column":7}},"34":{"start":{"line":102,"column":17},"end":{"line":102,"column":25}},"35":{"start":{"line":103,"column":22},"end":{"line":103,"column":51}},"36":{"start":{"line":104,"column":4},"end":{"line":109,"column":5}},"37":{"start":{"line":105,"column":6},"end":{"line":108,"column":8}},"38":{"start":{"line":110,"column":17},"end":{"line":110,"column":41}},"39":{"start":{"line":111,"column":4},"end":{"line":111,"column":59}},"40":{"start":{"line":112,"column":4},"end":{"line":112,"column":59}},"41":{"start":{"line":113,"column":4},"end":{"line":113,"column":57}},"42":{"start":{"line":114,"column":23},"end":{"line":114,"column":38}},"43":{"start":{"line":115,"column":27},"end":{"line":115,"column":59}},"44":{"start":{"line":116,"column":4},"end":{"line":136,"column":5}},"45":{"start":{"line":117,"column":6},"end":{"line":117,"column":77}},"46":{"start":{"line":119,"column":6},"end":{"line":135,"column":9}},"47":{"start":{"line":121,"column":10},"end":{"line":133,"column":11}},"48":{"start":{"line":122,"column":12},"end":{"line":130,"column":13}},"49":{"start":{"line":123,"column":14},"end":{"line":125,"column":16}},"50":{"start":{"line":127,"column":14},"end":{"line":129,"column":16}},"51":{"start":{"line":132,"column":12},"end":{"line":132,"column":59}}},"fnMap":{"0":{"name":"(anonymous_0)","decl":{"start":{"line":24,"column":18},"end":{"line":24,"column":19}},"loc":{"start":{"line":24,"column":32},"end":{"line":29,"column":3}},"line":24},"1":{"name":"(anonymous_1)","decl":{"start":{"line":32,"column":14},"end":{"line":32,"column":15}},"loc":{"start":{"line":32,"column":34},"end":{"line":65,"column":3}},"line":32},"2":{"name":"(anonymous_2)","decl":{"start":{"line":68,"column":17},"end":{"line":68,"column":18}},"loc":{"start":{"line":68,"column":31},"end":{"line":70,"column":3}},"line":68},"3":{"name":"(anonymous_3)","decl":{"start":{"line":73,"column":18},"end":{"line":73,"column":19}},"loc":{"start":{"line":73,"column":32},"end":{"line":75,"column":3}},"line":73},"4":{"name":"(anonymous_4)","decl":{"start":{"line":78,"column":19},"end":{"line":78,"column":20}},"loc":{"start":{"line":78,"column":39},"end":{"line":87,"column":3}},"line":78},"5":{"name":"(anonymous_5)","decl":{"start":{"line":90,"column":16},"end":{"line":90,"column":17}},"loc":{"start":{"line":90,"column":36},"end":{"line":98,"column":3}},"line":90},"6":{"name":"(anonymous_6)","decl":{"start":{"line":101,"column":12},"end":{"line":101,"column":13}},"loc":{"start":{"line":101,"column":32},"end":{"line":137,"column":3}},"line":101},"7":{"name":"(anonymous_7)","decl":{"start":{"line":119,"column":30},"end":{"line":119,"column":31}},"loc":{"start":{"line":119,"column":47},"end":{"line":135,"column":7}},"line":119}},"branchMap":{"0":{"loc":{"start":{"line":35,"column":4},"end":{"line":41,"column":5}},"type":"if","locations":[{"start":{"line":35,"column":4},"end":{"line":41,"column":5}},{"start":{"line":35,"column":4},"end":{"line":41,"column":5}}],"line":35},"1":{"loc":{"start":{"line":44,"column":6},"end":{"line":46,"column":7}},"type":"if","locations":[{"start":{"line":44,"column":6},"end":{"line":46,"column":7}},{"start":{"line":44,"column":6},"end":{"line":46,"column":7}}],"line":44},"2":{"loc":{"start":{"line":51,"column":6},"end":{"line":55,"column":7}},"type":"if","locations":[{"start":{"line":51,"column":6},"end":{"line":55,"column":7}},{"start":{"line":51,"column":6},"end":{"line":55,"column":7}}],"line":51},"3":{"loc":{"start":{"line":104,"column":4},"end":{"line":109,"column":5}},"type":"if","locations":[{"start":{"line":104,"column":4},"end":{"line":109,"column":5}},{"start":{"line":104,"column":4},"end":{"line":109,"column":5}}],"line":104},"4":{"loc":{"start":{"line":116,"column":4},"end":{"line":136,"column":5}},"type":"if","locations":[{"start":{"line":116,"column":4},"end":{"line":136,"column":5}},{"start":{"line":116,"column":4},"end":{"line":136,"column":5}}],"line":116},"5":{"loc":{"start":{"line":121,"column":10},"end":{"line":133,"column":11}},"type":"if","locations":[{"start":{"line":121,"column":10},"end":{"line":133,"column":11}},{"start":{"line":121,"column":10},"end":{"line":133,"column":11}}],"line":121},"6":{"loc":{"start":{"line":122,"column":12},"end":{"line":130,"column":13}},"type":"if","locations":[{"start":{"line":122,"column":12},"end":{"line":130,"column":13}},{"start":{"line":122,"column":12},"end":{"line":130,"column":13}}],"line":122}},"s":{"0":1,"1":1,"2":1,"3":1,"4":1,"5":1,"6":1,"7":4,"8":4,"9":4,"10":1,"11":3,"12":3,"13":3,"14":1,"15":2,"16":2,"17":2,"18":1,"19":1,"20":1,"21":1,"22":0,"23":1,"24":1,"25":2,"26":2,"27":2,"28":2,"29":1,"30":1,"31":1,"32":1,"33":1,"34":1,"35":1,"36":1,"37":1,"38":0,"39":0,"40":0,"41":0,"42":0,"43":0,"44":0,"45":0,"46":0,"47":0,"48":0,"49":0,"50":0,"51":0},"f":{"0":1,"1":4,"2":1,"3":1,"4":2,"5":1,"6":1,"7":0},"b":{"0":[1,3],"1":[1,2],"2":[1,1],"3":[1,0],"4":[0,0],"5":[0,0],"6":[0,0]},"_coverageSchema":"1a1c01bbd47fc00a2c39e90264f33305004495a9","hash":"7873d1e775a2394ea54ee29ac8d0c84b138aa5bb"}
,"E:\\Semester 4\\Software Engineering\\Project Testing\\SE-Channel-schedule\\controllers\\channel.js": {"path":"E:\\Semester 4\\Software Engineering\\Project Testing\\SE-Channel-schedule\\controllers\\channel.js","statementMap":{"0":{"start":{"line":1,"column":18},"end":{"line":1,"column":36}},"1":{"start":{"line":2,"column":12},"end":{"line":2,"column":26}},"2":{"start":{"line":3,"column":11},"end":{"line":3,"column":40}},"3":{"start":{"line":14,"column":4},"end":{"line":14,"column":34}},"4":{"start":{"line":18,"column":4},"end":{"line":18,"column":35}},"5":{"start":{"line":20,"column":0},"end":{"line":32,"column":2}},"6":{"start":{"line":21,"column":2},"end":{"line":30,"column":3}},"7":{"start":{"line":22,"column":21},"end":{"line":22,"column":39}},"8":{"start":{"line":23,"column":22},"end":{"line":23,"column":55}},"9":{"start":{"line":24,"column":4},"end":{"line":24,"column":69}},"10":{"start":{"line":25,"column":4},"end":{"line":25,"column":34}},"11":{"start":{"line":27,"column":21},"end":{"line":27,"column":39}},"12":{"start":{"line":28,"column":22},"end":{"line":28,"column":24}},"13":{"start":{"line":29,"column":4},"end":{"line":29,"column":69}},"14":{"start":{"line":31,"column":2},"end":{"line":31,"column":31}},"15":{"start":{"line":34,"column":0},"end":{"line":56,"column":2}},"16":{"start":{"line":35,"column":2},"end":{"line":55,"column":3}},"17":{"start":{"line":36,"column":21},"end":{"line":36,"column":40}},"18":{"start":{"line":37,"column":16},"end":{"line":37,"column":30}},"19":{"start":{"line":39,"column":19},"end":{"line":39,"column":55}},"20":{"start":{"line":41,"column":20},"end":{"line":41,"column":49}},"21":{"start":{"line":42,"column":22},"end":{"line":42,"column":62}},"22":{"start":{"line":44,"column":21},"end":{"line":44,"column":69}},"23":{"start":{"line":45,"column":4},"end":{"line":50,"column":6}},"24":{"start":{"line":52,"column":4},"end":{"line":52,"column":33}},"25":{"start":{"line":54,"column":4},"end":{"line":54,"column":27}},"26":{"start":{"line":57,"column":0},"end":{"line":66,"column":2}},"27":{"start":{"line":58,"column":2},"end":{"line":65,"column":3}},"28":{"start":{"line":59,"column":19},"end":{"line":59,"column":55}},"29":{"start":{"line":60,"column":23},"end":{"line":60,"column":52}},"30":{"start":{"line":61,"column":4},"end":{"line":61,"column":59}},"31":{"start":{"line":62,"column":4},"end":{"line":62,"column":29}},"32":{"start":{"line":64,"column":4},"end":{"line":64,"column":27}},"33":{"start":{"line":67,"column":0},"end":{"line":85,"column":2}},"34":{"start":{"line":68,"column":2},"end":{"line":84,"column":3}},"35":{"start":{"line":69,"column":4},"end":{"line":80,"column":5}},"36":{"start":{"line":70,"column":23},"end":{"line":70,"column":41}},"37":{"start":{"line":71,"column":21},"end":{"line":71,"column":57}},"38":{"start":{"line":72,"column":27},"end":{"line":72,"column":71}},"39":{"start":{"line":73,"column":6},"end":{"line":73,"column":77}},"40":{"start":{"line":74,"column":6},"end":{"line":74,"column":32}},"41":{"start":{"line":75,"column":6},"end":{"line":75,"column":36}},"42":{"start":{"line":77,"column":23},"end":{"line":77,"column":41}},"43":{"start":{"line":78,"column":27},"end":{"line":78,"column":29}},"44":{"start":{"line":79,"column":6},"end":{"line":79,"column":77}},"45":{"start":{"line":81,"column":4},"end":{"line":81,"column":35}},"46":{"start":{"line":83,"column":4},"end":{"line":83,"column":27}},"47":{"start":{"line":87,"column":0},"end":{"line":95,"column":2}},"48":{"start":{"line":88,"column":2},"end":{"line":94,"column":3}},"49":{"start":{"line":89,"column":19},"end":{"line":89,"column":55}},"50":{"start":{"line":90,"column":4},"end":{"line":90,"column":40}},"51":{"start":{"line":91,"column":4},"end":{"line":91,"column":37}},"52":{"start":{"line":93,"column":4},"end":{"line":93,"column":27}},"53":{"start":{"line":96,"column":0},"end":{"line":106,"column":2}},"54":{"start":{"line":97,"column":2},"end":{"line":105,"column":3}},"55":{"start":{"line":98,"column":24},"end":{"line":98,"column":54}},"56":{"start":{"line":99,"column":19},"end":{"line":99,"column":55}},"57":{"start":{"line":100,"column":23},"end":{"line":100,"column":52}},"58":{"start":{"line":101,"column":4},"end":{"line":101,"column":67}},"59":{"start":{"line":102,"column":4},"end":{"line":102,"column":29}},"60":{"start":{"line":104,"column":4},"end":{"line":104,"column":26}}},"fnMap":{"0":{"name":"(anonymous_0)","decl":{"start":{"line":20,"column":22},"end":{"line":20,"column":23}},"loc":{"start":{"line":20,"column":42},"end":{"line":32,"column":1}},"line":20},"1":{"name":"(anonymous_1)","decl":{"start":{"line":34,"column":23},"end":{"line":34,"column":24}},"loc":{"start":{"line":34,"column":43},"end":{"line":56,"column":1}},"line":34},"2":{"name":"(anonymous_2)","decl":{"start":{"line":57,"column":20},"end":{"line":57,"column":21}},"loc":{"start":{"line":57,"column":40},"end":{"line":66,"column":1}},"line":57},"3":{"name":"(anonymous_3)","decl":{"start":{"line":67,"column":22},"end":{"line":67,"column":23}},"loc":{"start":{"line":67,"column":42},"end":{"line":85,"column":1}},"line":67},"4":{"name":"(anonymous_4)","decl":{"start":{"line":87,"column":22},"end":{"line":87,"column":23}},"loc":{"start":{"line":87,"column":42},"end":{"line":95,"column":1}},"line":87},"5":{"name":"(anonymous_5)","decl":{"start":{"line":96,"column":21},"end":{"line":96,"column":22}},"loc":{"start":{"line":96,"column":41},"end":{"line":106,"column":1}},"line":96}},"branchMap":{"0":{"loc":{"start":{"line":21,"column":2},"end":{"line":30,"column":3}},"type":"if","locations":[{"start":{"line":21,"column":2},"end":{"line":30,"column":3}},{"start":{"line":21,"column":2},"end":{"line":30,"column":3}}],"line":21},"1":{"loc":{"start":{"line":35,"column":2},"end":{"line":55,"column":3}},"type":"if","locations":[{"start":{"line":35,"column":2},"end":{"line":55,"column":3}},{"start":{"line":35,"column":2},"end":{"line":55,"column":3}}],"line":35},"2":{"loc":{"start":{"line":58,"column":2},"end":{"line":65,"column":3}},"type":"if","locations":[{"start":{"line":58,"column":2},"end":{"line":65,"column":3}},{"start":{"line":58,"column":2},"end":{"line":65,"column":3}}],"line":58},"3":{"loc":{"start":{"line":68,"column":2},"end":{"line":84,"column":3}},"type":"if","locations":[{"start":{"line":68,"column":2},"end":{"line":84,"column":3}},{"start":{"line":68,"column":2},"end":{"line":84,"column":3}}],"line":68},"4":{"loc":{"start":{"line":69,"column":4},"end":{"line":80,"column":5}},"type":"if","locations":[{"start":{"line":69,"column":4},"end":{"line":80,"column":5}},{"start":{"line":69,"column":4},"end":{"line":80,"column":5}}],"line":69},"5":{"loc":{"start":{"line":88,"column":2},"end":{"line":94,"column":3}},"type":"if","locations":[{"start":{"line":88,"column":2},"end":{"line":94,"column":3}},{"start":{"line":88,"column":2},"end":{"line":94,"column":3}}],"line":88},"6":{"loc":{"start":{"line":97,"column":2},"end":{"line":105,"column":3}},"type":"if","locations":[{"start":{"line":97,"column":2},"end":{"line":105,"column":3}},{"start":{"line":97,"column":2},"end":{"line":105,"column":3}}],"line":97}},"s":{"0":1,"1":1,"2":1,"3":1,"4":1,"5":1,"6":0,"7":0,"8":0,"9":0,"10":0,"11":0,"12":0,"13":0,"14":0,"15":1,"16":0,"17":0,"18":0,"19":0,"20":0,"21":0,"22":0,"23":0,"24":0,"25":0,"26":1,"27":0,"28":0,"29":0,"30":0,"31":0,"32":0,"33":1,"34":0,"35":0,"36":0,"37":0,"38":0,"39":0,"40":0,"41":0,"42":0,"43":0,"44":0,"45":0,"46":0,"47":1,"48":0,"49":0,"50":0,"51":0,"52":0,"53":1,"54":0,"55":0,"56":0,"57":0,"58":0,"59":0,"60":0},"f":{"0":0,"1":0,"2":0,"3":0,"4":0,"5":0},"b":{"0":[0,0],"1":[0,0],"2":[0,0],"3":[0,0],"4":[0,0],"5":[0,0],"6":[0,0]},"_coverageSchema":"1a1c01bbd47fc00a2c39e90264f33305004495a9","hash":"af36c37a3c871a49daf0f91f511114822a2f8b15"}
,"E:\\Semester 4\\Software Engineering\\Project Testing\\SE-Channel-schedule\\controllers\\indexController.js": {"path":"E:\\Semester 4\\Software Engineering\\Project Testing\\SE-Channel-schedule\\controllers\\indexController.js","statementMap":{"0":{"start":{"line":1,"column":45},"end":{"line":1,"column":75}},"1":{"start":{"line":5,"column":4},"end":{"line":5,"column":35}},"2":{"start":{"line":6,"column":15},"end":{"line":6,"column":34}},"3":{"start":{"line":7,"column":16},"end":{"line":7,"column":42}},"4":{"start":{"line":9,"column":0},"end":{"line":141,"column":2}},"5":{"start":{"line":13,"column":4},"end":{"line":16,"column":7}},"6":{"start":{"line":21,"column":17},"end":{"line":21,"column":25}},"7":{"start":{"line":22,"column":22},"end":{"line":22,"column":51}},"8":{"start":{"line":23,"column":4},"end":{"line":29,"column":5}},"9":{"start":{"line":24,"column":6},"end":{"line":28,"column":8}},"10":{"start":{"line":30,"column":4},"end":{"line":54,"column":5}},"11":{"start":{"line":31,"column":6},"end":{"line":31,"column":47}},"12":{"start":{"line":32,"column":6},"end":{"line":36,"column":7}},"13":{"start":{"line":33,"column":8},"end":{"line":35,"column":10}},"14":{"start":{"line":37,"column":40},"end":{"line":37,"column":44}},"15":{"start":{"line":39,"column":24},"end":{"line":39,"column":73}},"16":{"start":{"line":41,"column":6},"end":{"line":46,"column":7}},"17":{"start":{"line":42,"column":8},"end":{"line":45,"column":10}},"18":{"start":{"line":47,"column":6},"end":{"line":47,"column":34}},"19":{"start":{"line":48,"column":6},"end":{"line":48,"column":30}},"20":{"start":{"line":49,"column":6},"end":{"line":49,"column":31}},"21":{"start":{"line":51,"column":6},"end":{"line":53,"column":8}},"22":{"start":{"line":59,"column":4},"end":{"line":59,"column":31}},"23":{"start":{"line":60,"column":4},"end":{"line":60,"column":28}},"24":{"start":{"line":61,"column":4},"end":{"line":61,"column":34}},"25":{"start":{"line":66,"column":4},"end":{"line":66,"column":34}},"26":{"start":{"line":71,"column":17},"end":{"line":71,"column":25}},"27":{"start":{"line":72,"column":4},"end":{"line":86,"column":5}},"28":{"start":{"line":73,"column":19},"end":{"line":73,"column":52}},"29":{"start":{"line":74,"column":6},"end":{"line":78,"column":7}},"30":{"start":{"line":75,"column":8},"end":{"line":77,"column":10}},"31":{"start":{"line":79,"column":6},"end":{"line":79,"column":37}},"32":{"start":{"line":80,"column":6},"end":{"line":80,"column":32}},"33":{"start":{"line":81,"column":6},"end":{"line":81,"column":36}},"34":{"start":{"line":83,"column":6},"end":{"line":85,"column":8}},"35":{"start":{"line":91,"column":4},"end":{"line":91,"column":34}},"36":{"start":{"line":96,"column":17},"end":{"line":96,"column":25}},"37":{"start":{"line":97,"column":22},"end":{"line":97,"column":44}},"38":{"start":{"line":98,"column":4},"end":{"line":100,"column":5}},"39":{"start":{"line":99,"column":6},"end":{"line":99,"column":67}},"40":{"start":{"line":102,"column":17},"end":{"line":102,"column":41}},"41":{"start":{"line":103,"column":4},"end":{"line":103,"column":59}},"42":{"start":{"line":104,"column":4},"end":{"line":104,"column":35}},"43":{"start":{"line":105,"column":4},"end":{"line":115,"column":5}},"44":{"start":{"line":106,"column":21},"end":{"line":112,"column":8}},"45":{"start":{"line":107,"column":8},"end":{"line":111,"column":9}},"46":{"start":{"line":108,"column":10},"end":{"line":108,"column":54}},"47":{"start":{"line":110,"column":10},"end":{"line":110,"column":40}},"48":{"start":{"line":114,"column":6},"end":{"line":114,"column":75}},"49":{"start":{"line":120,"column":4},"end":{"line":120,"column":39}},"50":{"start":{"line":125,"column":17},"end":{"line":125,"column":25}},"51":{"start":{"line":126,"column":4},"end":{"line":139,"column":5}},"52":{"start":{"line":127,"column":19},"end":{"line":127,"column":59}},"53":{"start":{"line":128,"column":29},"end":{"line":128,"column":33}},"54":{"start":{"line":129,"column":23},"end":{"line":129,"column":59}},"55":{"start":{"line":130,"column":25},"end":{"line":130,"column":65}},"56":{"start":{"line":131,"column":6},"end":{"line":136,"column":7}},"57":{"start":{"line":132,"column":8},"end":{"line":132,"column":33}},"58":{"start":{"line":133,"column":8},"end":{"line":133,"column":41}},"59":{"start":{"line":135,"column":8},"end":{"line":135,"column":70}},"60":{"start":{"line":138,"column":6},"end":{"line":138,"column":76}}},"fnMap":{"0":{"name":"(anonymous_0)","decl":{"start":{"line":12,"column":13},"end":{"line":12,"column":14}},"loc":{"start":{"line":12,"column":27},"end":{"line":17,"column":3}},"line":12},"1":{"name":"(anonymous_1)","decl":{"start":{"line":20,"column":13},"end":{"line":20,"column":14}},"loc":{"start":{"line":20,"column":33},"end":{"line":55,"column":3}},"line":20},"2":{"name":"(anonymous_2)","decl":{"start":{"line":58,"column":10},"end":{"line":58,"column":11}},"loc":{"start":{"line":58,"column":24},"end":{"line":62,"column":3}},"line":58},"3":{"name":"(anonymous_3)","decl":{"start":{"line":65,"column":15},"end":{"line":65,"column":16}},"loc":{"start":{"line":65,"column":29},"end":{"line":67,"column":3}},"line":65},"4":{"name":"(anonymous_4)","decl":{"start":{"line":70,"column":12},"end":{"line":70,"column":13}},"loc":{"start":{"line":70,"column":32},"end":{"line":87,"column":3}},"line":70},"5":{"name":"(anonymous_5)","decl":{"start":{"line":90,"column":22},"end":{"line":90,"column":23}},"loc":{"start":{"line":90,"column":36},"end":{"line":92,"column":3}},"line":90},"6":{"name":"(anonymous_6)","decl":{"start":{"line":95,"column":18},"end":{"line":95,"column":19}},"loc":{"start":{"line":95,"column":38},"end":{"line":116,"column":3}},"line":95},"7":{"name":"(anonymous_7)","decl":{"start":{"line":106,"column":49},"end":{"line":106,"column":50}},"loc":{"start":{"line":106,"column":66},"end":{"line":112,"column":7}},"line":106},"8":{"name":"(anonymous_8)","decl":{"start":{"line":119,"column":13},"end":{"line":119,"column":14}},"loc":{"start":{"line":119,"column":27},"end":{"line":121,"column":3}},"line":119},"9":{"name":"(anonymous_9)","decl":{"start":{"line":124,"column":18},"end":{"line":124,"column":19}},"loc":{"start":{"line":124,"column":38},"end":{"line":140,"column":3}},"line":124}},"branchMap":{"0":{"loc":{"start":{"line":23,"column":4},"end":{"line":29,"column":5}},"type":"if","locations":[{"start":{"line":23,"column":4},"end":{"line":29,"column":5}},{"start":{"line":23,"column":4},"end":{"line":29,"column":5}}],"line":23},"1":{"loc":{"start":{"line":32,"column":6},"end":{"line":36,"column":7}},"type":"if","locations":[{"start":{"line":32,"column":6},"end":{"line":36,"column":7}},{"start":{"line":32,"column":6},"end":{"line":36,"column":7}}],"line":32},"2":{"loc":{"start":{"line":41,"column":6},"end":{"line":46,"column":7}},"type":"if","locations":[{"start":{"line":41,"column":6},"end":{"line":46,"column":7}},{"start":{"line":41,"column":6},"end":{"line":46,"column":7}}],"line":41},"3":{"loc":{"start":{"line":74,"column":6},"end":{"line":78,"column":7}},"type":"if","locations":[{"start":{"line":74,"column":6},"end":{"line":78,"column":7}},{"start":{"line":74,"column":6},"end":{"line":78,"column":7}}],"line":74},"4":{"loc":{"start":{"line":98,"column":4},"end":{"line":100,"column":5}},"type":"if","locations":[{"start":{"line":98,"column":4},"end":{"line":100,"column":5}},{"start":{"line":98,"column":4},"end":{"line":100,"column":5}}],"line":98},"5":{"loc":{"start":{"line":107,"column":8},"end":{"line":111,"column":9}},"type":"if","locations":[{"start":{"line":107,"column":8},"end":{"line":111,"column":9}},{"start":{"line":107,"column":8},"end":{"line":111,"column":9}}],"line":107},"6":{"loc":{"start":{"line":131,"column":6},"end":{"line":136,"column":7}},"type":"if","locations":[{"start":{"line":131,"column":6},"end":{"line":136,"column":7}},{"start":{"line":131,"column":6},"end":{"line":136,"column":7}}],"line":131},"7":{"loc":{"start":{"line":131,"column":10},"end":{"line":131,"column":32}},"type":"binary-expr","locations":[{"start":{"line":131,"column":10},"end":{"line":131,"column":18}},{"start":{"line":131,"column":22},"end":{"line":131,"column":32}}],"line":131}},"s":{"0":1,"1":1,"2":1,"3":1,"4":1,"5":0,"6":0,"7":0,"8":0,"9":0,"10":0,"11":0,"12":0,"13":0,"14":0,"15":0,"16":0,"17":0,"18":0,"19":0,"20":0,"21":0,"22":0,"23":0,"24":0,"25":0,"26":0,"27":0,"28":0,"29":0,"30":0,"31":0,"32":0,"33":0,"34":0,"35":0,"36":0,"37":0,"38":0,"39":0,"40":0,"41":0,"42":0,"43":0,"44":0,"45":0,"46":0,"47":0,"48":0,"49":0,"50":0,"51":0,"52":0,"53":0,"54":0,"55":0,"56":0,"57":0,"58":0,"59":0,"60":0},"f":{"0":0,"1":0,"2":0,"3":0,"4":0,"5":0,"6":0,"7":0,"8":0,"9":0},"b":{"0":[0,0],"1":[0,0],"2":[0,0],"3":[0,0],"4":[0,0],"5":[0,0],"6":[0,0],"7":[0,0]},"_coverageSchema":"1a1c01bbd47fc00a2c39e90264f33305004495a9","hash":"beb981ed38e0c66562645c1e0cf1f838545bbb38"}
,"E:\\Semester 4\\Software Engineering\\Project Testing\\SE-Channel-schedule\\controllers\\staffController.js": {"path":"E:\\Semester 4\\Software Engineering\\Project Testing\\SE-Channel-schedule\\controllers\\staffController.js","statementMap":{"0":{"start":{"line":1,"column":29},"end":{"line":1,"column":60}},"1":{"start":{"line":2,"column":28},"end":{"line":2,"column":58}},"2":{"start":{"line":3,"column":15},"end":{"line":3,"column":34}},"3":{"start":{"line":5,"column":0},"end":{"line":41,"column":2}},"4":{"start":{"line":9,"column":4},"end":{"line":9,"column":35}},"5":{"start":{"line":14,"column":4},"end":{"line":14,"column":76}},"6":{"start":{"line":19,"column":17},"end":{"line":19,"column":25}},"7":{"start":{"line":20,"column":22},"end":{"line":20,"column":44}},"8":{"start":{"line":21,"column":4},"end":{"line":24,"column":5}},"9":{"start":{"line":22,"column":6},"end":{"line":22,"column":25}},"10":{"start":{"line":23,"column":6},"end":{"line":23,"column":72}},"11":{"start":{"line":26,"column":17},"end":{"line":26,"column":41}},"12":{"start":{"line":27,"column":4},"end":{"line":27,"column":59}},"13":{"start":{"line":28,"column":4},"end":{"line":28,"column":37}},"14":{"start":{"line":29,"column":4},"end":{"line":39,"column":5}},"15":{"start":{"line":30,"column":21},"end":{"line":36,"column":8}},"16":{"start":{"line":31,"column":8},"end":{"line":35,"column":9}},"17":{"start":{"line":32,"column":10},"end":{"line":32,"column":59}},"18":{"start":{"line":34,"column":10},"end":{"line":34,"column":62}},"19":{"start":{"line":38,"column":6},"end":{"line":38,"column":80}}},"fnMap":{"0":{"name":"(anonymous_0)","decl":{"start":{"line":8,"column":17},"end":{"line":8,"column":18}},"loc":{"start":{"line":8,"column":31},"end":{"line":10,"column":3}},"line":8},"1":{"name":"(anonymous_1)","decl":{"start":{"line":13,"column":21},"end":{"line":13,"column":22}},"loc":{"start":{"line":13,"column":35},"end":{"line":15,"column":3}},"line":13},"2":{"name":"(anonymous_2)","decl":{"start":{"line":18,"column":17},"end":{"line":18,"column":18}},"loc":{"start":{"line":18,"column":37},"end":{"line":40,"column":3}},"line":18},"3":{"name":"(anonymous_3)","decl":{"start":{"line":30,"column":49},"end":{"line":30,"column":50}},"loc":{"start":{"line":30,"column":66},"end":{"line":36,"column":7}},"line":30}},"branchMap":{"0":{"loc":{"start":{"line":21,"column":4},"end":{"line":24,"column":5}},"type":"if","locations":[{"start":{"line":21,"column":4},"end":{"line":24,"column":5}},{"start":{"line":21,"column":4},"end":{"line":24,"column":5}}],"line":21},"1":{"loc":{"start":{"line":31,"column":8},"end":{"line":35,"column":9}},"type":"if","locations":[{"start":{"line":31,"column":8},"end":{"line":35,"column":9}},{"start":{"line":31,"column":8},"end":{"line":35,"column":9}}],"line":31}},"s":{"0":1,"1":1,"2":1,"3":1,"4":0,"5":0,"6":0,"7":0,"8":0,"9":0,"10":0,"11":0,"12":0,"13":0,"14":0,"15":0,"16":0,"17":0,"18":0,"19":0},"f":{"0":0,"1":0,"2":0,"3":0},"b":{"0":[0,0],"1":[0,0]},"_coverageSchema":"1a1c01bbd47fc00a2c39e90264f33305004495a9","hash":"4f27b9dd919689439ae3f8edd834e1c168f794f0"}
,"E:\\Semester 4\\Software Engineering\\Project Testing\\SE-Channel-schedule\\controllers\\userController.js": {"path":"E:\\Semester 4\\Software Engineering\\Project Testing\\SE-Channel-schedule\\controllers\\userController.js","statementMap":{"0":{"start":{"line":4,"column":4},"end":{"line":4,"column":34}},"1":{"start":{"line":9,"column":4},"end":{"line":9,"column":35}},"2":{"start":{"line":11,"column":15},"end":{"line":11,"column":34}},"3":{"start":{"line":13,"column":0},"end":{"line":92,"column":2}},"4":{"start":{"line":16,"column":4},"end":{"line":16,"column":33}},"5":{"start":{"line":21,"column":4},"end":{"line":25,"column":7}},"6":{"start":{"line":30,"column":17},"end":{"line":30,"column":25}},"7":{"start":{"line":31,"column":22},"end":{"line":31,"column":54}},"8":{"start":{"line":32,"column":4},"end":{"line":38,"column":5}},"9":{"start":{"line":33,"column":6},"end":{"line":37,"column":8}},"10":{"start":{"line":40,"column":17},"end":{"line":40,"column":41}},"11":{"start":{"line":41,"column":4},"end":{"line":41,"column":59}},"12":{"start":{"line":42,"column":4},"end":{"line":42,"column":55}},"13":{"start":{"line":43,"column":4},"end":{"line":43,"column":51}},"14":{"start":{"line":45,"column":4},"end":{"line":59,"column":7}},"15":{"start":{"line":46,"column":6},"end":{"line":58,"column":7}},"16":{"start":{"line":47,"column":8},"end":{"line":55,"column":9}},"17":{"start":{"line":48,"column":10},"end":{"line":50,"column":12}},"18":{"start":{"line":52,"column":10},"end":{"line":54,"column":12}},"19":{"start":{"line":57,"column":8},"end":{"line":57,"column":38}},"20":{"start":{"line":64,"column":4},"end":{"line":64,"column":80}},"21":{"start":{"line":69,"column":17},"end":{"line":69,"column":25}},"22":{"start":{"line":70,"column":22},"end":{"line":70,"column":44}},"23":{"start":{"line":71,"column":4},"end":{"line":73,"column":5}},"24":{"start":{"line":72,"column":6},"end":{"line":72,"column":78}},"25":{"start":{"line":75,"column":17},"end":{"line":75,"column":41}},"26":{"start":{"line":76,"column":4},"end":{"line":76,"column":59}},"27":{"start":{"line":77,"column":4},"end":{"line":77,"column":37}},"28":{"start":{"line":78,"column":4},"end":{"line":90,"column":5}},"29":{"start":{"line":79,"column":21},"end":{"line":85,"column":8}},"30":{"start":{"line":80,"column":8},"end":{"line":84,"column":9}},"31":{"start":{"line":81,"column":10},"end":{"line":81,"column":65}},"32":{"start":{"line":83,"column":10},"end":{"line":83,"column":68}},"33":{"start":{"line":87,"column":6},"end":{"line":89,"column":8}}},"fnMap":{"0":{"name":"(anonymous_0)","decl":{"start":{"line":15,"column":16},"end":{"line":15,"column":17}},"loc":{"start":{"line":15,"column":30},"end":{"line":17,"column":3}},"line":15},"1":{"name":"(anonymous_1)","decl":{"start":{"line":20,"column":16},"end":{"line":20,"column":17}},"loc":{"start":{"line":20,"column":30},"end":{"line":26,"column":3}},"line":20},"2":{"name":"(anonymous_2)","decl":{"start":{"line":29,"column":14},"end":{"line":29,"column":15}},"loc":{"start":{"line":29,"column":34},"end":{"line":60,"column":3}},"line":29},"3":{"name":"(anonymous_3)","decl":{"start":{"line":45,"column":31},"end":{"line":45,"column":32}},"loc":{"start":{"line":45,"column":48},"end":{"line":59,"column":5}},"line":45},"4":{"name":"(anonymous_4)","decl":{"start":{"line":63,"column":21},"end":{"line":63,"column":22}},"loc":{"start":{"line":63,"column":35},"end":{"line":65,"column":3}},"line":63},"5":{"name":"(anonymous_5)","decl":{"start":{"line":68,"column":17},"end":{"line":68,"column":18}},"loc":{"start":{"line":68,"column":37},"end":{"line":91,"column":3}},"line":68},"6":{"name":"(anonymous_6)","decl":{"start":{"line":79,"column":49},"end":{"line":79,"column":50}},"loc":{"start":{"line":79,"column":66},"end":{"line":85,"column":7}},"line":79}},"branchMap":{"0":{"loc":{"start":{"line":32,"column":4},"end":{"line":38,"column":5}},"type":"if","locations":[{"start":{"line":32,"column":4},"end":{"line":38,"column":5}},{"start":{"line":32,"column":4},"end":{"line":38,"column":5}}],"line":32},"1":{"loc":{"start":{"line":46,"column":6},"end":{"line":58,"column":7}},"type":"if","locations":[{"start":{"line":46,"column":6},"end":{"line":58,"column":7}},{"start":{"line":46,"column":6},"end":{"line":58,"column":7}}],"line":46},"2":{"loc":{"start":{"line":47,"column":8},"end":{"line":55,"column":9}},"type":"if","locations":[{"start":{"line":47,"column":8},"end":{"line":55,"column":9}},{"start":{"line":47,"column":8},"end":{"line":55,"column":9}}],"line":47},"3":{"loc":{"start":{"line":71,"column":4},"end":{"line":73,"column":5}},"type":"if","locations":[{"start":{"line":71,"column":4},"end":{"line":73,"column":5}},{"start":{"line":71,"column":4},"end":{"line":73,"column":5}}],"line":71},"4":{"loc":{"start":{"line":80,"column":8},"end":{"line":84,"column":9}},"type":"if","locations":[{"start":{"line":80,"column":8},"end":{"line":84,"column":9}},{"start":{"line":80,"column":8},"end":{"line":84,"column":9}}],"line":80}},"s":{"0":1,"1":1,"2":1,"3":1,"4":0,"5":0,"6":0,"7":0,"8":0,"9":0,"10":0,"11":0,"12":0,"13":0,"14":0,"15":0,"16":0,"17":0,"18":0,"19":0,"20":0,"21":0,"22":0,"23":0,"24":0,"25":0,"26":0,"27":0,"28":0,"29":0,"30":0,"31":0,"32":0,"33":0},"f":{"0":0,"1":0,"2":0,"3":0,"4":0,"5":0,"6":0},"b":{"0":[0,0],"1":[0,0],"2":[0,0],"3":[0,0],"4":[0,0]},"_coverageSchema":"1a1c01bbd47fc00a2c39e90264f33305004495a9","hash":"aae181a5a25faf5463cada08fc18c5863f6fd671"}
,"E:\\Semester 4\\Software Engineering\\Project Testing\\SE-Channel-schedule\\controllers\\validator\\validate.js": {"path":"E:\\Semester 4\\Software Engineering\\Project Testing\\SE-Channel-schedule\\controllers\\validator\\validate.js","statementMap":{"0":{"start":{"line":1,"column":12},"end":{"line":1,"column":32}},"1":{"start":{"line":3,"column":31},"end":{"line":15,"column":1}},"2":{"start":{"line":4,"column":17},"end":{"line":13,"column":3}},"3":{"start":{"line":14,"column":2},"end":{"line":14,"column":36}},"4":{"start":{"line":17,"column":28},"end":{"line":23,"column":1}},"5":{"start":{"line":18,"column":17},"end":{"line":21,"column":3}},"6":{"start":{"line":22,"column":2},"end":{"line":22,"column":36}},"7":{"start":{"line":25,"column":29},"end":{"line":31,"column":1}},"8":{"start":{"line":26,"column":17},"end":{"line":29,"column":3}},"9":{"start":{"line":30,"column":2},"end":{"line":30,"column":36}},"10":{"start":{"line":33,"column":25},"end":{"line":39,"column":1}},"11":{"start":{"line":34,"column":17},"end":{"line":37,"column":3}},"12":{"start":{"line":38,"column":2},"end":{"line":38,"column":36}},"13":{"start":{"line":41,"column":32},"end":{"line":52,"column":1}},"14":{"start":{"line":42,"column":17},"end":{"line":50,"column":3}},"15":{"start":{"line":51,"column":2},"end":{"line":51,"column":36}},"16":{"start":{"line":54,"column":0},"end":{"line":54,"column":63}},"17":{"start":{"line":55,"column":0},"end":{"line":55,"column":57}},"18":{"start":{"line":56,"column":0},"end":{"line":56,"column":59}},"19":{"start":{"line":57,"column":0},"end":{"line":57,"column":51}},"20":{"start":{"line":58,"column":0},"end":{"line":58,"column":65}}},"fnMap":{"0":{"name":"(anonymous_0)","decl":{"start":{"line":3,"column":31},"end":{"line":3,"column":32}},"loc":{"start":{"line":3,"column":41},"end":{"line":15,"column":1}},"line":3},"1":{"name":"(anonymous_1)","decl":{"start":{"line":17,"column":28},"end":{"line":17,"column":29}},"loc":{"start":{"line":17,"column":38},"end":{"line":23,"column":1}},"line":17},"2":{"name":"(anonymous_2)","decl":{"start":{"line":25,"column":29},"end":{"line":25,"column":30}},"loc":{"start":{"line":25,"column":39},"end":{"line":31,"column":1}},"line":25},"3":{"name":"(anonymous_3)","decl":{"start":{"line":33,"column":25},"end":{"line":33,"column":26}},"loc":{"start":{"line":33,"column":35},"end":{"line":39,"column":1}},"line":33},"4":{"name":"(anonymous_4)","decl":{"start":{"line":41,"column":32},"end":{"line":41,"column":33}},"loc":{"start":{"line":41,"column":42},"end":{"line":52,"column":1}},"line":41}},"branchMap":{},"s":{"0":1,"1":1,"2":0,"3":0,"4":1,"5":4,"6":4,"7":1,"8":0,"9":0,"10":1,"11":0,"12":0,"13":1,"14":1,"15":1,"16":1,"17":1,"18":1,"19":1,"20":1},"f":{"0":0,"1":4,"2":0,"3":0,"4":1},"b":{},"_coverageSchema":"1a1c01bbd47fc00a2c39e90264f33305004495a9","hash":"fd031858b45be7a11bf03d008d38d2e9252d53e1"}
,"E:\\Semester 4\\Software Engineering\\Project Testing\\SE-Channel-schedule\\middleware\\allowEmail.js": {"path":"E:\\Semester 4\\Software Engineering\\Project Testing\\SE-Channel-schedule\\middleware\\allowEmail.js","statementMap":{"0":{"start":{"line":1,"column":19},"end":{"line":11,"column":1}},"1":{"start":{"line":2,"column":2},"end":{"line":5,"column":3}},"2":{"start":{"line":3,"column":4},"end":{"line":3,"column":31}},"3":{"start":{"line":4,"column":4},"end":{"line":4,"column":28}},"4":{"start":{"line":6,"column":2},"end":{"line":10,"column":3}},"5":{"start":{"line":7,"column":4},"end":{"line":7,"column":11}},"6":{"start":{"line":9,"column":4},"end":{"line":9,"column":27}},"7":{"start":{"line":13,"column":0},"end":{"line":13,"column":39}}},"fnMap":{"0":{"name":"(anonymous_0)","decl":{"start":{"line":1,"column":19},"end":{"line":1,"column":20}},"loc":{"start":{"line":1,"column":39},"end":{"line":11,"column":1}},"line":1}},"branchMap":{"0":{"loc":{"start":{"line":2,"column":2},"end":{"line":5,"column":3}},"type":"if","locations":[{"start":{"line":2,"column":2},"end":{"line":5,"column":3}},{"start":{"line":2,"column":2},"end":{"line":5,"column":3}}],"line":2},"1":{"loc":{"start":{"line":2,"column":6},"end":{"line":2,"column":54}},"type":"binary-expr","locations":[{"start":{"line":2,"column":6},"end":{"line":2,"column":34}},{"start":{"line":2,"column":38},"end":{"line":2,"column":54}}],"line":2},"2":{"loc":{"start":{"line":6,"column":2},"end":{"line":10,"column":3}},"type":"if","locations":[{"start":{"line":6,"column":2},"end":{"line":10,"column":3}},{"start":{"line":6,"column":2},"end":{"line":10,"column":3}}],"line":6}},"s":{"0":1,"1":0,"2":0,"3":0,"4":0,"5":0,"6":0,"7":1},"f":{"0":0},"b":{"0":[0,0],"1":[0,0],"2":[0,0]},"_coverageSchema":"1a1c01bbd47fc00a2c39e90264f33305004495a9","hash":"de1f7267d2a5ac169c77498f22374c1a902aacbc"}
,"E:\\Semester 4\\Software Engineering\\Project Testing\\SE-Channel-schedule\\middleware\\anyRoute.js": {"path":"E:\\Semester 4\\Software Engineering\\Project Testing\\SE-Channel-schedule\\middleware\\anyRoute.js","statementMap":{"0":{"start":{"line":1,"column":0},"end":{"line":13,"column":2}},"1":{"start":{"line":3,"column":4},"end":{"line":11,"column":5}},"2":{"start":{"line":4,"column":6},"end":{"line":4,"column":41}},"3":{"start":{"line":5,"column":11},"end":{"line":11,"column":5}},"4":{"start":{"line":6,"column":6},"end":{"line":6,"column":40}},"5":{"start":{"line":7,"column":11},"end":{"line":11,"column":5}},"6":{"start":{"line":8,"column":6},"end":{"line":8,"column":41}},"7":{"start":{"line":10,"column":6},"end":{"line":10,"column":36}}},"fnMap":{"0":{"name":"(anonymous_0)","decl":{"start":{"line":2,"column":11},"end":{"line":2,"column":12}},"loc":{"start":{"line":2,"column":25},"end":{"line":12,"column":3}},"line":2}},"branchMap":{"0":{"loc":{"start":{"line":3,"column":4},"end":{"line":11,"column":5}},"type":"if","locations":[{"start":{"line":3,"column":4},"end":{"line":11,"column":5}},{"start":{"line":3,"column":4},"end":{"line":11,"column":5}}],"line":3},"1":{"loc":{"start":{"line":5,"column":11},"end":{"line":11,"column":5}},"type":"if","locations":[{"start":{"line":5,"column":11},"end":{"line":11,"column":5}},{"start":{"line":5,"column":11},"end":{"line":11,"column":5}}],"line":5},"2":{"loc":{"start":{"line":7,"column":11},"end":{"line":11,"column":5}},"type":"if","locations":[{"start":{"line":7,"column":11},"end":{"line":11,"column":5}},{"start":{"line":7,"column":11},"end":{"line":11,"column":5}}],"line":7}},"s":{"0":1,"1":0,"2":0,"3":0,"4":0,"5":0,"6":0,"7":0},"f":{"0":0},"b":{"0":[0,0],"1":[0,0],"2":[0,0]},"_coverageSchema":"1a1c01bbd47fc00a2c39e90264f33305004495a9","hash":"304d49d48f9e946ee737d7d55d6517e0de883f2e"}
,"E:\\Semester 4\\Software Engineering\\Project Testing\\SE-Channel-schedule\\middleware\\isAdminLogged.js": {"path":"E:\\Semester 4\\Software Engineering\\Project Testing\\SE-Channel-schedule\\middleware\\isAdminLogged.js","statementMap":{"0":{"start":{"line":1,"column":0},"end":{"line":9,"column":2}},"1":{"start":{"line":3,"column":4},"end":{"line":7,"column":5}},"2":{"start":{"line":4,"column":6},"end":{"line":4,"column":13}},"3":{"start":{"line":6,"column":6},"end":{"line":6,"column":29}}},"fnMap":{"0":{"name":"(anonymous_0)","decl":{"start":{"line":2,"column":17},"end":{"line":2,"column":18}},"loc":{"start":{"line":2,"column":37},"end":{"line":8,"column":3}},"line":2}},"branchMap":{"0":{"loc":{"start":{"line":3,"column":4},"end":{"line":7,"column":5}},"type":"if","locations":[{"start":{"line":3,"column":4},"end":{"line":7,"column":5}},{"start":{"line":3,"column":4},"end":{"line":7,"column":5}}],"line":3}},"s":{"0":1,"1":0,"2":0,"3":0},"f":{"0":0},"b":{"0":[0,0]},"_coverageSchema":"1a1c01bbd47fc00a2c39e90264f33305004495a9","hash":"07bf7149e6bc8963d5227d8eb1ebdeb1372c040c"}
,"E:\\Semester 4\\Software Engineering\\Project Testing\\SE-Channel-schedule\\middleware\\isAdminNotLogged.js": {"path":"E:\\Semester 4\\Software Engineering\\Project Testing\\SE-Channel-schedule\\middleware\\isAdminNotLogged.js","statementMap":{"0":{"start":{"line":1,"column":0},"end":{"line":9,"column":2}},"1":{"start":{"line":3,"column":4},"end":{"line":7,"column":5}},"2":{"start":{"line":4,"column":6},"end":{"line":4,"column":13}},"3":{"start":{"line":6,"column":6},"end":{"line":6,"column":33}}},"fnMap":{"0":{"name":"(anonymous_0)","decl":{"start":{"line":2,"column":20},"end":{"line":2,"column":21}},"loc":{"start":{"line":2,"column":40},"end":{"line":8,"column":3}},"line":2}},"branchMap":{"0":{"loc":{"start":{"line":3,"column":4},"end":{"line":7,"column":5}},"type":"if","locations":[{"start":{"line":3,"column":4},"end":{"line":7,"column":5}},{"start":{"line":3,"column":4},"end":{"line":7,"column":5}}],"line":3},"1":{"loc":{"start":{"line":3,"column":8},"end":{"line":3,"column":62}},"type":"binary-expr","locations":[{"start":{"line":3,"column":8},"end":{"line":3,"column":28}},{"start":{"line":3,"column":32},"end":{"line":3,"column":62}}],"line":3}},"s":{"0":1,"1":0,"2":0,"3":0},"f":{"0":0},"b":{"0":[0,0],"1":[0,0]},"_coverageSchema":"1a1c01bbd47fc00a2c39e90264f33305004495a9","hash":"9fcf03442d317dcf298a631f74ab3c3d2554a977"}
,"E:\\Semester 4\\Software Engineering\\Project Testing\\SE-Channel-schedule\\middleware\\isLogged.js": {"path":"E:\\Semester 4\\Software Engineering\\Project Testing\\SE-Channel-schedule\\middleware\\isLogged.js","statementMap":{"0":{"start":{"line":1,"column":0},"end":{"line":13,"column":2}},"1":{"start":{"line":3,"column":4},"end":{"line":6,"column":5}},"2":{"start":{"line":4,"column":6},"end":{"line":4,"column":33}},"3":{"start":{"line":5,"column":6},"end":{"line":5,"column":30}},"4":{"start":{"line":7,"column":4},"end":{"line":11,"column":5}},"5":{"start":{"line":8,"column":6},"end":{"line":8,"column":13}},"6":{"start":{"line":10,"column":6},"end":{"line":10,"column":29}}},"fnMap":{"0":{"name":"(anonymous_0)","decl":{"start":{"line":2,"column":12},"end":{"line":2,"column":13}},"loc":{"start":{"line":2,"column":32},"end":{"line":12,"column":3}},"line":2}},"branchMap":{"0":{"loc":{"start":{"line":3,"column":4},"end":{"line":6,"column":5}},"type":"if","locations":[{"start":{"line":3,"column":4},"end":{"line":6,"column":5}},{"start":{"line":3,"column":4},"end":{"line":6,"column":5}}],"line":3},"1":{"loc":{"start":{"line":7,"column":4},"end":{"line":11,"column":5}},"type":"if","locations":[{"start":{"line":7,"column":4},"end":{"line":11,"column":5}},{"start":{"line":7,"column":4},"end":{"line":11,"column":5}}],"line":7}},"s":{"0":1,"1":0,"2":0,"3":0,"4":0,"5":0,"6":0},"f":{"0":0},"b":{"0":[0,0],"1":[0,0]},"_coverageSchema":"1a1c01bbd47fc00a2c39e90264f33305004495a9","hash":"b7e8900a939341cc68374c1580c648a95106c734"}
,"E:\\Semester 4\\Software Engineering\\Project Testing\\SE-Channel-schedule\\middleware\\isNotLoggedIn.js": {"path":"E:\\Semester 4\\Software Engineering\\Project Testing\\SE-Channel-schedule\\middleware\\isNotLoggedIn.js","statementMap":{"0":{"start":{"line":1,"column":0},"end":{"line":13,"column":2}},"1":{"start":{"line":3,"column":4},"end":{"line":6,"column":5}},"2":{"start":{"line":4,"column":6},"end":{"line":4,"column":33}},"3":{"start":{"line":5,"column":6},"end":{"line":5,"column":30}},"4":{"start":{"line":7,"column":4},"end":{"line":11,"column":5}},"5":{"start":{"line":8,"column":6},"end":{"line":8,"column":13}},"6":{"start":{"line":10,"column":6},"end":{"line":10,"column":24}}},"fnMap":{"0":{"name":"(anonymous_0)","decl":{"start":{"line":2,"column":17},"end":{"line":2,"column":18}},"loc":{"start":{"line":2,"column":37},"end":{"line":12,"column":3}},"line":2}},"branchMap":{"0":{"loc":{"start":{"line":3,"column":4},"end":{"line":6,"column":5}},"type":"if","locations":[{"start":{"line":3,"column":4},"end":{"line":6,"column":5}},{"start":{"line":3,"column":4},"end":{"line":6,"column":5}}],"line":3},"1":{"loc":{"start":{"line":3,"column":8},"end":{"line":3,"column":56}},"type":"binary-expr","locations":[{"start":{"line":3,"column":8},"end":{"line":3,"column":36}},{"start":{"line":3,"column":40},"end":{"line":3,"column":56}}],"line":3},"2":{"loc":{"start":{"line":7,"column":4},"end":{"line":11,"column":5}},"type":"if","locations":[{"start":{"line":7,"column":4},"end":{"line":11,"column":5}},{"start":{"line":7,"column":4},"end":{"line":11,"column":5}}],"line":7}},"s":{"0":1,"1":0,"2":0,"3":0,"4":0,"5":0,"6":0},"f":{"0":0},"b":{"0":[0,0],"1":[0,0],"2":[0,0]},"_coverageSchema":"1a1c01bbd47fc00a2c39e90264f33305004495a9","hash":"4ebb069c30031c3aa143c19bbc7c326cc68b91a7"}
,"E:\\Semester 4\\Software Engineering\\Project Testing\\SE-Channel-schedule\\middleware\\isValidate.js": {"path":"E:\\Semester 4\\Software Engineering\\Project Testing\\SE-Channel-schedule\\middleware\\isValidate.js","statementMap":{"0":{"start":{"line":1,"column":19},"end":{"line":7,"column":1}},"1":{"start":{"line":2,"column":2},"end":{"line":6,"column":3}},"2":{"start":{"line":3,"column":4},"end":{"line":3,"column":11}},"3":{"start":{"line":5,"column":4},"end":{"line":5,"column":27}},"4":{"start":{"line":9,"column":0},"end":{"line":9,"column":39}}},"fnMap":{"0":{"name":"(anonymous_0)","decl":{"start":{"line":1,"column":19},"end":{"line":1,"column":20}},"loc":{"start":{"line":1,"column":39},"end":{"line":7,"column":1}},"line":1}},"branchMap":{"0":{"loc":{"start":{"line":2,"column":2},"end":{"line":6,"column":3}},"type":"if","locations":[{"start":{"line":2,"column":2},"end":{"line":6,"column":3}},{"start":{"line":2,"column":2},"end":{"line":6,"column":3}}],"line":2}},"s":{"0":1,"1":0,"2":0,"3":0,"4":1},"f":{"0":0},"b":{"0":[0,0]},"_coverageSchema":"1a1c01bbd47fc00a2c39e90264f33305004495a9","hash":"da99c7e6ef1d442fae6aa2459b83512150f3b4b5"}
,"E:\\Semester 4\\Software Engineering\\Project Testing\\SE-Channel-schedule\\middleware\\whatType.js": {"path":"E:\\Semester 4\\Software Engineering\\Project Testing\\SE-Channel-schedule\\middleware\\whatType.js","statementMap":{"0":{"start":{"line":1,"column":17},"end":{"line":13,"column":1}},"1":{"start":{"line":2,"column":2},"end":{"line":5,"column":3}},"2":{"start":{"line":3,"column":4},"end":{"line":3,"column":31}},"3":{"start":{"line":4,"column":4},"end":{"line":4,"column":28}},"4":{"start":{"line":6,"column":2},"end":{"line":12,"column":3}},"5":{"start":{"line":7,"column":4},"end":{"line":7,"column":30}},"6":{"start":{"line":8,"column":9},"end":{"line":12,"column":3}},"7":{"start":{"line":9,"column":4},"end":{"line":9,"column":31}},"8":{"start":{"line":11,"column":4},"end":{"line":11,"column":22}},"9":{"start":{"line":15,"column":0},"end":{"line":15,"column":35}}},"fnMap":{"0":{"name":"(anonymous_0)","decl":{"start":{"line":1,"column":17},"end":{"line":1,"column":18}},"loc":{"start":{"line":1,"column":37},"end":{"line":13,"column":1}},"line":1}},"branchMap":{"0":{"loc":{"start":{"line":2,"column":2},"end":{"line":5,"column":3}},"type":"if","locations":[{"start":{"line":2,"column":2},"end":{"line":5,"column":3}},{"start":{"line":2,"column":2},"end":{"line":5,"column":3}}],"line":2},"1":{"loc":{"start":{"line":6,"column":2},"end":{"line":12,"column":3}},"type":"if","locations":[{"start":{"line":6,"column":2},"end":{"line":12,"column":3}},{"start":{"line":6,"column":2},"end":{"line":12,"column":3}}],"line":6},"2":{"loc":{"start":{"line":8,"column":9},"end":{"line":12,"column":3}},"type":"if","locations":[{"start":{"line":8,"column":9},"end":{"line":12,"column":3}},{"start":{"line":8,"column":9},"end":{"line":12,"column":3}}],"line":8}},"s":{"0":1,"1":0,"2":0,"3":0,"4":0,"5":0,"6":0,"7":0,"8":0,"9":1},"f":{"0":0},"b":{"0":[0,0],"1":[0,0],"2":[0,0]},"_coverageSchema":"1a1c01bbd47fc00a2c39e90264f33305004495a9","hash":"936a3af37e3e104806abfe180df55328ff03cc67"}
,"E:\\Semester 4\\Software Engineering\\Project Testing\\SE-Channel-schedule\\models\\adminModel.js": {"path":"E:\\Semester 4\\Software Engineering\\Project Testing\\SE-Channel-schedule\\models\\adminModel.js","statementMap":{"0":{"start":{"line":1,"column":13},"end":{"line":1,"column":42}},"1":{"start":{"line":3,"column":0},"end":{"line":107,"column":2}},"2":{"start":{"line":5,"column":4},"end":{"line":17,"column":7}},"3":{"start":{"line":6,"column":6},"end":{"line":16,"column":8}},"4":{"start":{"line":10,"column":10},"end":{"line":14,"column":11}},"5":{"start":{"line":11,"column":12},"end":{"line":11,"column":24}},"6":{"start":{"line":13,"column":12},"end":{"line":13,"column":31}},"7":{"start":{"line":21,"column":4},"end":{"line":33,"column":6}},"8":{"start":{"line":27,"column":8},"end":{"line":31,"column":9}},"9":{"start":{"line":28,"column":10},"end":{"line":28,"column":31}},"10":{"start":{"line":30,"column":10},"end":{"line":30,"column":40}},"11":{"start":{"line":37,"column":4},"end":{"line":49,"column":7}},"12":{"start":{"line":38,"column":6},"end":{"line":48,"column":8}},"13":{"start":{"line":42,"column":10},"end":{"line":46,"column":11}},"14":{"start":{"line":43,"column":12},"end":{"line":43,"column":24}},"15":{"start":{"line":45,"column":12},"end":{"line":45,"column":28}},"16":{"start":{"line":52,"column":4},"end":{"line":64,"column":7}},"17":{"start":{"line":53,"column":6},"end":{"line":63,"column":8}},"18":{"start":{"line":57,"column":10},"end":{"line":61,"column":11}},"19":{"start":{"line":58,"column":12},"end":{"line":58,"column":24}},"20":{"start":{"line":60,"column":12},"end":{"line":60,"column":31}},"21":{"start":{"line":68,"column":4},"end":{"line":80,"column":7}},"22":{"start":{"line":69,"column":6},"end":{"line":79,"column":8}},"23":{"start":{"line":73,"column":10},"end":{"line":77,"column":11}},"24":{"start":{"line":74,"column":12},"end":{"line":74,"column":24}},"25":{"start":{"line":76,"column":12},"end":{"line":76,"column":31}},"26":{"start":{"line":83,"column":4},"end":{"line":105,"column":7}},"27":{"start":{"line":84,"column":6},"end":{"line":104,"column":8}},"28":{"start":{"line":87,"column":10},"end":{"line":102,"column":11}},"29":{"start":{"line":88,"column":12},"end":{"line":88,"column":24}},"30":{"start":{"line":90,"column":21},"end":{"line":90,"column":23}},"31":{"start":{"line":91,"column":12},"end":{"line":99,"column":13}},"32":{"start":{"line":92,"column":30},"end":{"line":92,"column":31}},"33":{"start":{"line":93,"column":30},"end":{"line":93,"column":69}},"34":{"start":{"line":95,"column":14},"end":{"line":98,"column":16}},"35":{"start":{"line":101,"column":12},"end":{"line":101,"column":24}}},"fnMap":{"0":{"name":"(anonymous_0)","decl":{"start":{"line":4,"column":13},"end":{"line":4,"column":14}},"loc":{"start":{"line":4,"column":24},"end":{"line":18,"column":3}},"line":4},"1":{"name":"(anonymous_1)","decl":{"start":{"line":5,"column":23},"end":{"line":5,"column":24}},"loc":{"start":{"line":5,"column":44},"end":{"line":17,"column":5}},"line":5},"2":{"name":"(anonymous_2)","decl":{"start":{"line":9,"column":8},"end":{"line":9,"column":9}},"loc":{"start":{"line":9,"column":25},"end":{"line":15,"column":9}},"line":9},"3":{"name":"(anonymous_3)","decl":{"start":{"line":20,"column":15},"end":{"line":20,"column":16}},"loc":{"start":{"line":20,"column":35},"end":{"line":34,"column":3}},"line":20},"4":{"name":"(anonymous_4)","decl":{"start":{"line":26,"column":6},"end":{"line":26,"column":7}},"loc":{"start":{"line":26,"column":23},"end":{"line":32,"column":7}},"line":26},"5":{"name":"(anonymous_5)","decl":{"start":{"line":36,"column":14},"end":{"line":36,"column":15}},"loc":{"start":{"line":36,"column":24},"end":{"line":50,"column":3}},"line":36},"6":{"name":"(anonymous_6)","decl":{"start":{"line":37,"column":23},"end":{"line":37,"column":24}},"loc":{"start":{"line":37,"column":44},"end":{"line":49,"column":5}},"line":37},"7":{"name":"(anonymous_7)","decl":{"start":{"line":41,"column":8},"end":{"line":41,"column":9}},"loc":{"start":{"line":41,"column":25},"end":{"line":47,"column":9}},"line":41},"8":{"name":"(anonymous_8)","decl":{"start":{"line":51,"column":18},"end":{"line":51,"column":19}},"loc":{"start":{"line":51,"column":28},"end":{"line":65,"column":3}},"line":51},"9":{"name":"(anonymous_9)","decl":{"start":{"line":52,"column":23},"end":{"line":52,"column":24}},"loc":{"start":{"line":52,"column":44},"end":{"line":64,"column":5}},"line":52},"10":{"name":"(anonymous_10)","decl":{"start":{"line":56,"column":8},"end":{"line":56,"column":9}},"loc":{"start":{"line":56,"column":25},"end":{"line":62,"column":9}},"line":56},"11":{"name":"(anonymous_11)","decl":{"start":{"line":67,"column":14},"end":{"line":67,"column":15}},"loc":{"start":{"line":67,"column":24},"end":{"line":81,"column":3}},"line":67},"12":{"name":"(anonymous_12)","decl":{"start":{"line":68,"column":23},"end":{"line":68,"column":24}},"loc":{"start":{"line":68,"column":44},"end":{"line":80,"column":5}},"line":68},"13":{"name":"(anonymous_13)","decl":{"start":{"line":72,"column":8},"end":{"line":72,"column":9}},"loc":{"start":{"line":72,"column":25},"end":{"line":78,"column":9}},"line":72},"14":{"name":"(anonymous_14)","decl":{"start":{"line":82,"column":17},"end":{"line":82,"column":18}},"loc":{"start":{"line":82,"column":23},"end":{"line":106,"column":3}},"line":82},"15":{"name":"(anonymous_15)","decl":{"start":{"line":83,"column":23},"end":{"line":83,"column":24}},"loc":{"start":{"line":83,"column":44},"end":{"line":105,"column":5}},"line":83},"16":{"name":"(anonymous_16)","decl":{"start":{"line":86,"column":8},"end":{"line":86,"column":9}},"loc":{"start":{"line":86,"column":25},"end":{"line":103,"column":9}},"line":86}},"branchMap":{"0":{"loc":{"start":{"line":10,"column":10},"end":{"line":14,"column":11}},"type":"if","locations":[{"start":{"line":10,"column":10},"end":{"line":14,"column":11}},{"start":{"line":10,"column":10},"end":{"line":14,"column":11}}],"line":10},"1":{"loc":{"start":{"line":27,"column":8},"end":{"line":31,"column":9}},"type":"if","locations":[{"start":{"line":27,"column":8},"end":{"line":31,"column":9}},{"start":{"line":27,"column":8},"end":{"line":31,"column":9}}],"line":27},"2":{"loc":{"start":{"line":42,"column":10},"end":{"line":46,"column":11}},"type":"if","locations":[{"start":{"line":42,"column":10},"end":{"line":46,"column":11}},{"start":{"line":42,"column":10},"end":{"line":46,"column":11}}],"line":42},"3":{"loc":{"start":{"line":57,"column":10},"end":{"line":61,"column":11}},"type":"if","locations":[{"start":{"line":57,"column":10},"end":{"line":61,"column":11}},{"start":{"line":57,"column":10},"end":{"line":61,"column":11}}],"line":57},"4":{"loc":{"start":{"line":73,"column":10},"end":{"line":77,"column":11}},"type":"if","locations":[{"start":{"line":73,"column":10},"end":{"line":77,"column":11}},{"start":{"line":73,"column":10},"end":{"line":77,"column":11}}],"line":73},"5":{"loc":{"start":{"line":87,"column":10},"end":{"line":102,"column":11}},"type":"if","locations":[{"start":{"line":87,"column":10},"end":{"line":102,"column":11}},{"start":{"line":87,"column":10},"end":{"line":102,"column":11}}],"line":87}},"s":{"0":1,"1":1,"2":3,"3":3,"4":3,"5":0,"6":3,"7":0,"8":0,"9":0,"10":0,"11":2,"12":2,"13":2,"14":0,"15":2,"16":0,"17":0,"18":0,"19":0,"20":0,"21":2,"22":2,"23":2,"24":1,"25":1,"26":1,"27":1,"28":1,"29":0,"30":1,"31":1,"32":6,"33":6,"34":6,"35":1},"f":{"0":3,"1":3,"2":3,"3":0,"4":0,"5":2,"6":2,"7":2,"8":0,"9":0,"10":0,"11":2,"12":2,"13":2,"14":1,"15":1,"16":1},"b":{"0":[0,3],"1":[0,0],"2":[0,2],"3":[0,0],"4":[1,1],"5":[0,1]},"_coverageSchema":"1a1c01bbd47fc00a2c39e90264f33305004495a9","hash":"5e2d3994604553d91656a8e13d63e9d69ba726ea"}
,"E:\\Semester 4\\Software Engineering\\Project Testing\\SE-Channel-schedule\\models\\staffModel.js": {"path":"E:\\Semester 4\\Software Engineering\\Project Testing\\SE-Channel-schedule\\models\\staffModel.js","statementMap":{"0":{"start":{"line":1,"column":13},"end":{"line":1,"column":42}},"1":{"start":{"line":3,"column":0},"end":{"line":90,"column":2}},"2":{"start":{"line":5,"column":4},"end":{"line":28,"column":6}},"3":{"start":{"line":22,"column":8},"end":{"line":26,"column":9}},"4":{"start":{"line":23,"column":10},"end":{"line":23,"column":31}},"5":{"start":{"line":25,"column":10},"end":{"line":25,"column":40}},"6":{"start":{"line":32,"column":4},"end":{"line":42,"column":6}},"7":{"start":{"line":36,"column":8},"end":{"line":40,"column":9}},"8":{"start":{"line":37,"column":10},"end":{"line":37,"column":31}},"9":{"start":{"line":39,"column":10},"end":{"line":39,"column":40}},"10":{"start":{"line":46,"column":4},"end":{"line":61,"column":7}},"11":{"start":{"line":47,"column":6},"end":{"line":60,"column":8}},"12":{"start":{"line":51,"column":10},"end":{"line":58,"column":11}},"13":{"start":{"line":52,"column":12},"end":{"line":52,"column":24}},"14":{"start":{"line":54,"column":12},"end":{"line":57,"column":15}},"15":{"start":{"line":65,"column":4},"end":{"line":88,"column":7}},"16":{"start":{"line":66,"column":6},"end":{"line":87,"column":8}},"17":{"start":{"line":70,"column":19},"end":{"line":70,"column":21}},"18":{"start":{"line":71,"column":10},"end":{"line":85,"column":11}},"19":{"start":{"line":72,"column":12},"end":{"line":72,"column":24}},"20":{"start":{"line":74,"column":12},"end":{"line":82,"column":13}},"21":{"start":{"line":75,"column":30},"end":{"line":75,"column":39}},"22":{"start":{"line":76,"column":30},"end":{"line":76,"column":69}},"23":{"start":{"line":78,"column":14},"end":{"line":81,"column":16}},"24":{"start":{"line":84,"column":12},"end":{"line":84,"column":24}}},"fnMap":{"0":{"name":"(anonymous_0)","decl":{"start":{"line":4,"column":21},"end":{"line":4,"column":22}},"loc":{"start":{"line":4,"column":41},"end":{"line":29,"column":3}},"line":4},"1":{"name":"(anonymous_1)","decl":{"start":{"line":21,"column":6},"end":{"line":21,"column":7}},"loc":{"start":{"line":21,"column":23},"end":{"line":27,"column":7}},"line":21},"2":{"name":"(anonymous_2)","decl":{"start":{"line":31,"column":14},"end":{"line":31,"column":15}},"loc":{"start":{"line":31,"column":34},"end":{"line":43,"column":3}},"line":31},"3":{"name":"(anonymous_3)","decl":{"start":{"line":35,"column":6},"end":{"line":35,"column":7}},"loc":{"start":{"line":35,"column":23},"end":{"line":41,"column":7}},"line":35},"4":{"name":"(anonymous_4)","decl":{"start":{"line":45,"column":19},"end":{"line":45,"column":20}},"loc":{"start":{"line":45,"column":32},"end":{"line":62,"column":3}},"line":45},"5":{"name":"(anonymous_5)","decl":{"start":{"line":46,"column":23},"end":{"line":46,"column":24}},"loc":{"start":{"line":46,"column":44},"end":{"line":61,"column":5}},"line":46},"6":{"name":"(anonymous_6)","decl":{"start":{"line":50,"column":8},"end":{"line":50,"column":9}},"loc":{"start":{"line":50,"column":25},"end":{"line":59,"column":9}},"line":50},"7":{"name":"(anonymous_7)","decl":{"start":{"line":64,"column":26},"end":{"line":64,"column":27}},"loc":{"start":{"line":64,"column":41},"end":{"line":89,"column":3}},"line":64},"8":{"name":"(anonymous_8)","decl":{"start":{"line":65,"column":23},"end":{"line":65,"column":24}},"loc":{"start":{"line":65,"column":44},"end":{"line":88,"column":5}},"line":65},"9":{"name":"(anonymous_9)","decl":{"start":{"line":69,"column":8},"end":{"line":69,"column":9}},"loc":{"start":{"line":69,"column":25},"end":{"line":86,"column":9}},"line":69}},"branchMap":{"0":{"loc":{"start":{"line":22,"column":8},"end":{"line":26,"column":9}},"type":"if","locations":[{"start":{"line":22,"column":8},"end":{"line":26,"column":9}},{"start":{"line":22,"column":8},"end":{"line":26,"column":9}}],"line":22},"1":{"loc":{"start":{"line":36,"column":8},"end":{"line":40,"column":9}},"type":"if","locations":[{"start":{"line":36,"column":8},"end":{"line":40,"column":9}},{"start":{"line":36,"column":8},"end":{"line":40,"column":9}}],"line":36},"2":{"loc":{"start":{"line":51,"column":10},"end":{"line":58,"column":11}},"type":"if","locations":[{"start":{"line":51,"column":10},"end":{"line":58,"column":11}},{"start":{"line":51,"column":10},"end":{"line":58,"column":11}}],"line":51},"3":{"loc":{"start":{"line":71,"column":10},"end":{"line":85,"column":11}},"type":"if","locations":[{"start":{"line":71,"column":10},"end":{"line":85,"column":11}},{"start":{"line":71,"column":10},"end":{"line":85,"column":11}}],"line":71}},"s":{"0":1,"1":1,"2":0,"3":0,"4":0,"5":0,"6":0,"7":0,"8":0,"9":0,"10":0,"11":0,"12":0,"13":0,"14":0,"15":0,"16":0,"17":0,"18":0,"19":0,"20":0,"21":0,"22":0,"23":0,"24":0},"f":{"0":0,"1":0,"2":0,"3":0,"4":0,"5":0,"6":0,"7":0,"8":0,"9":0},"b":{"0":[0,0],"1":[0,0],"2":[0,0],"3":[0,0]},"_coverageSchema":"1a1c01bbd47fc00a2c39e90264f33305004495a9","hash":"7666ddddb240d5b6ba43a698844a636135903d2b"}
,"E:\\Semester 4\\Software Engineering\\Project Testing\\SE-Channel-schedule\\models\\userModel.js": {"path":"E:\\Semester 4\\Software Engineering\\Project Testing\\SE-Channel-schedule\\models\\userModel.js","statementMap":{"0":{"start":{"line":1,"column":13},"end":{"line":1,"column":42}},"1":{"start":{"line":3,"column":0},"end":{"line":439,"column":2}},"2":{"start":{"line":6,"column":4},"end":{"line":26,"column":6}},"3":{"start":{"line":20,"column":8},"end":{"line":24,"column":9}},"4":{"start":{"line":21,"column":10},"end":{"line":21,"column":31}},"5":{"start":{"line":23,"column":10},"end":{"line":23,"column":40}},"6":{"start":{"line":30,"column":4},"end":{"line":40,"column":6}},"7":{"start":{"line":34,"column":8},"end":{"line":38,"column":9}},"8":{"start":{"line":35,"column":10},"end":{"line":35,"column":31}},"9":{"start":{"line":37,"column":10},"end":{"line":37,"column":40}},"10":{"start":{"line":45,"column":4},"end":{"line":57,"column":7}},"11":{"start":{"line":46,"column":6},"end":{"line":56,"column":8}},"12":{"start":{"line":50,"column":10},"end":{"line":54,"column":11}},"13":{"start":{"line":51,"column":12},"end":{"line":51,"column":24}},"14":{"start":{"line":53,"column":12},"end":{"line":53,"column":31}},"15":{"start":{"line":60,"column":4},"end":{"line":82,"column":7}},"16":{"start":{"line":61,"column":6},"end":{"line":81,"column":8}},"17":{"start":{"line":64,"column":10},"end":{"line":79,"column":11}},"18":{"start":{"line":65,"column":12},"end":{"line":65,"column":24}},"19":{"start":{"line":67,"column":21},"end":{"line":67,"column":23}},"20":{"start":{"line":68,"column":12},"end":{"line":76,"column":13}},"21":{"start":{"line":69,"column":30},"end":{"line":69,"column":31}},"22":{"start":{"line":70,"column":30},"end":{"line":70,"column":69}},"23":{"start":{"line":72,"column":14},"end":{"line":75,"column":16}},"24":{"start":{"line":78,"column":12},"end":{"line":78,"column":24}},"25":{"start":{"line":85,"column":4},"end":{"line":101,"column":7}},"26":{"start":{"line":86,"column":6},"end":{"line":100,"column":9}},"27":{"start":{"line":87,"column":8},"end":{"line":99,"column":9}},"28":{"start":{"line":88,"column":10},"end":{"line":88,"column":22}},"29":{"start":{"line":90,"column":19},"end":{"line":90,"column":21}},"30":{"start":{"line":91,"column":10},"end":{"line":96,"column":11}},"31":{"start":{"line":95,"column":12},"end":{"line":95,"column":69}},"32":{"start":{"line":98,"column":10},"end":{"line":98,"column":22}},"33":{"start":{"line":104,"column":4},"end":{"line":120,"column":7}},"34":{"start":{"line":105,"column":6},"end":{"line":119,"column":9}},"35":{"start":{"line":106,"column":8},"end":{"line":118,"column":9}},"36":{"start":{"line":107,"column":10},"end":{"line":107,"column":22}},"37":{"start":{"line":109,"column":19},"end":{"line":109,"column":21}},"38":{"start":{"line":110,"column":10},"end":{"line":115,"column":11}},"39":{"start":{"line":111,"column":28},"end":{"line":111,"column":29}},"40":{"start":{"line":112,"column":28},"end":{"line":112,"column":67}},"41":{"start":{"line":114,"column":12},"end":{"line":114,"column":51}},"42":{"start":{"line":117,"column":10},"end":{"line":117,"column":22}},"43":{"start":{"line":123,"column":4},"end":{"line":164,"column":6}},"44":{"start":{"line":127,"column":8},"end":{"line":162,"column":9}},"45":{"start":{"line":129,"column":10},"end":{"line":161,"column":11}},"46":{"start":{"line":130,"column":12},"end":{"line":148,"column":14}},"47":{"start":{"line":142,"column":16},"end":{"line":146,"column":17}},"48":{"start":{"line":150,"column":12},"end":{"line":160,"column":14}},"49":{"start":{"line":154,"column":16},"end":{"line":158,"column":17}},"50":{"start":{"line":167,"column":4},"end":{"line":333,"column":7}},"51":{"start":{"line":168,"column":6},"end":{"line":332,"column":8}},"52":{"start":{"line":173,"column":10},"end":{"line":330,"column":11}},"53":{"start":{"line":174,"column":12},"end":{"line":174,"column":24}},"54":{"start":{"line":176,"column":21},"end":{"line":176,"column":23}},"55":{"start":{"line":177,"column":23},"end":{"line":177,"column":25}},"56":{"start":{"line":178,"column":24},"end":{"line":178,"column":26}},"57":{"start":{"line":179,"column":24},"end":{"line":179,"column":26}},"58":{"start":{"line":180,"column":24},"end":{"line":180,"column":26}},"59":{"start":{"line":181,"column":24},"end":{"line":181,"column":26}},"60":{"start":{"line":182,"column":24},"end":{"line":182,"column":26}},"61":{"start":{"line":183,"column":24},"end":{"line":183,"column":26}},"62":{"start":{"line":184,"column":24},"end":{"line":184,"column":26}},"63":{"start":{"line":185,"column":24},"end":{"line":185,"column":26}},"64":{"start":{"line":186,"column":25},"end":{"line":186,"column":27}},"65":{"start":{"line":187,"column":25},"end":{"line":187,"column":27}},"66":{"start":{"line":188,"column":25},"end":{"line":188,"column":27}},"67":{"start":{"line":189,"column":25},"end":{"line":189,"column":27}},"68":{"start":{"line":190,"column":25},"end":{"line":190,"column":27}},"69":{"start":{"line":191,"column":25},"end":{"line":191,"column":27}},"70":{"start":{"line":192,"column":25},"end":{"line":192,"column":27}},"71":{"start":{"line":193,"column":25},"end":{"line":193,"column":27}},"72":{"start":{"line":194,"column":25},"end":{"line":194,"column":27}},"73":{"start":{"line":195,"column":12},"end":{"line":308,"column":13}},"74":{"start":{"line":196,"column":24},"end":{"line":196,"column":37}},"75":{"start":{"line":197,"column":14},"end":{"line":305,"column":15}},"76":{"start":{"line":198,"column":16},"end":{"line":202,"column":18}},"77":{"start":{"line":203,"column":21},"end":{"line":305,"column":15}},"78":{"start":{"line":204,"column":16},"end":{"line":208,"column":18}},"79":{"start":{"line":209,"column":21},"end":{"line":305,"column":15}},"80":{"start":{"line":210,"column":16},"end":{"line":214,"column":18}},"81":{"start":{"line":215,"column":21},"end":{"line":305,"column":15}},"82":{"start":{"line":216,"column":16},"end":{"line":220,"column":18}},"83":{"start":{"line":221,"column":21},"end":{"line":305,"column":15}},"84":{"start":{"line":222,"column":16},"end":{"line":226,"column":18}},"85":{"start":{"line":227,"column":21},"end":{"line":305,"column":15}},"86":{"start":{"line":228,"column":16},"end":{"line":232,"column":18}},"87":{"start":{"line":233,"column":21},"end":{"line":305,"column":15}},"88":{"start":{"line":234,"column":16},"end":{"line":238,"column":18}},"89":{"start":{"line":239,"column":21},"end":{"line":305,"column":15}},"90":{"start":{"line":240,"column":16},"end":{"line":244,"column":18}},"91":{"start":{"line":245,"column":21},"end":{"line":305,"column":15}},"92":{"start":{"line":246,"column":16},"end":{"line":250,"column":18}},"93":{"start":{"line":251,"column":21},"end":{"line":305,"column":15}},"94":{"start":{"line":252,"column":16},"end":{"line":256,"column":18}},"95":{"start":{"line":257,"column":21},"end":{"line":305,"column":15}},"96":{"start":{"line":258,"column":16},"end":{"line":262,"column":18}},"97":{"start":{"line":263,"column":21},"end":{"line":305,"column":15}},"98":{"start":{"line":264,"column":16},"end":{"line":268,"column":18}},"99":{"start":{"line":269,"column":21},"end":{"line":305,"column":15}},"100":{"start":{"line":270,"column":16},"end":{"line":274,"column":18}},"101":{"start":{"line":275,"column":21},"end":{"line":305,"column":15}},"102":{"start":{"line":276,"column":16},"end":{"line":280,"column":18}},"103":{"start":{"line":281,"column":21},"end":{"line":305,"column":15}},"104":{"start":{"line":282,"column":16},"end":{"line":286,"column":18}},"105":{"start":{"line":287,"column":21},"end":{"line":305,"column":15}},"106":{"start":{"line":288,"column":16},"end":{"line":292,"column":18}},"107":{"start":{"line":293,"column":21},"end":{"line":305,"column":15}},"108":{"start":{"line":294,"column":16},"end":{"line":298,"column":18}},"109":{"start":{"line":299,"column":21},"end":{"line":305,"column":15}},"110":{"start":{"line":300,"column":16},"end":{"line":304,"column":18}},"111":{"start":{"line":306,"column":30},"end":{"line":306,"column":69}},"112":{"start":{"line":309,"column":12},"end":{"line":328,"column":14}},"113":{"start":{"line":329,"column":12},"end":{"line":329,"column":24}},"114":{"start":{"line":337,"column":4},"end":{"line":361,"column":7}},"115":{"start":{"line":338,"column":6},"end":{"line":360,"column":8}},"116":{"start":{"line":342,"column":10},"end":{"line":358,"column":11}},"117":{"start":{"line":343,"column":12},"end":{"line":343,"column":24}},"118":{"start":{"line":345,"column":26},"end":{"line":345,"column":28}},"119":{"start":{"line":346,"column":24},"end":{"line":346,"column":26}},"120":{"start":{"line":347,"column":24},"end":{"line":347,"column":30}},"121":{"start":{"line":348,"column":12},"end":{"line":355,"column":13}},"122":{"start":{"line":349,"column":24},"end":{"line":349,"column":37}},"123":{"start":{"line":350,"column":27},"end":{"line":350,"column":44}},"124":{"start":{"line":351,"column":29},"end":{"line":351,"column":48}},"125":{"start":{"line":353,"column":14},"end":{"line":353,"column":109}},"126":{"start":{"line":354,"column":14},"end":{"line":354,"column":35}},"127":{"start":{"line":357,"column":12},"end":{"line":357,"column":29}},"128":{"start":{"line":364,"column":4},"end":{"line":374,"column":5}},"129":{"start":{"line":365,"column":6},"end":{"line":373,"column":8}},"130":{"start":{"line":369,"column":10},"end":{"line":371,"column":11}},"131":{"start":{"line":375,"column":4},"end":{"line":410,"column":6}},"132":{"start":{"line":379,"column":8},"end":{"line":408,"column":9}},"133":{"start":{"line":381,"column":10},"end":{"line":407,"column":11}},"134":{"start":{"line":382,"column":12},"end":{"line":393,"column":13}},"135":{"start":{"line":383,"column":14},"end":{"line":392,"column":16}},"136":{"start":{"line":388,"column":18},"end":{"line":390,"column":19}},"137":{"start":{"line":395,"column":12},"end":{"line":406,"column":13}},"138":{"start":{"line":396,"column":14},"end":{"line":405,"column":16}},"139":{"start":{"line":401,"column":18},"end":{"line":403,"column":19}},"140":{"start":{"line":414,"column":4},"end":{"line":426,"column":7}},"141":{"start":{"line":415,"column":6},"end":{"line":425,"column":8}},"142":{"start":{"line":419,"column":10},"end":{"line":423,"column":11}},"143":{"start":{"line":420,"column":12},"end":{"line":420,"column":24}},"144":{"start":{"line":422,"column":12},"end":{"line":422,"column":39}},"145":{"start":{"line":429,"column":4},"end":{"line":437,"column":6}},"146":{"start":{"line":433,"column":8},"end":{"line":435,"column":9}}},"fnMap":{"0":{"name":"(anonymous_0)","decl":{"start":{"line":5,"column":24},"end":{"line":5,"column":25}},"loc":{"start":{"line":5,"column":44},"end":{"line":27,"column":3}},"line":5},"1":{"name":"(anonymous_1)","decl":{"start":{"line":19,"column":6},"end":{"line":19,"column":7}},"loc":{"start":{"line":19,"column":23},"end":{"line":25,"column":7}},"line":19},"2":{"name":"(anonymous_2)","decl":{"start":{"line":29,"column":19},"end":{"line":29,"column":20}},"loc":{"start":{"line":29,"column":39},"end":{"line":41,"column":3}},"line":29},"3":{"name":"(anonymous_3)","decl":{"start":{"line":33,"column":6},"end":{"line":33,"column":7}},"loc":{"start":{"line":33,"column":23},"end":{"line":39,"column":7}},"line":33},"4":{"name":"(anonymous_4)","decl":{"start":{"line":44,"column":19},"end":{"line":44,"column":20}},"loc":{"start":{"line":44,"column":30},"end":{"line":58,"column":3}},"line":44},"5":{"name":"(anonymous_5)","decl":{"start":{"line":45,"column":23},"end":{"line":45,"column":24}},"loc":{"start":{"line":45,"column":44},"end":{"line":57,"column":5}},"line":45},"6":{"name":"(anonymous_6)","decl":{"start":{"line":49,"column":8},"end":{"line":49,"column":9}},"loc":{"start":{"line":49,"column":25},"end":{"line":55,"column":9}},"line":49},"7":{"name":"(anonymous_7)","decl":{"start":{"line":59,"column":15},"end":{"line":59,"column":16}},"loc":{"start":{"line":59,"column":21},"end":{"line":83,"column":3}},"line":59},"8":{"name":"(anonymous_8)","decl":{"start":{"line":60,"column":23},"end":{"line":60,"column":24}},"loc":{"start":{"line":60,"column":44},"end":{"line":82,"column":5}},"line":60},"9":{"name":"(anonymous_9)","decl":{"start":{"line":63,"column":8},"end":{"line":63,"column":9}},"loc":{"start":{"line":63,"column":25},"end":{"line":80,"column":9}},"line":63},"10":{"name":"(anonymous_10)","decl":{"start":{"line":84,"column":10},"end":{"line":84,"column":11}},"loc":{"start":{"line":84,"column":16},"end":{"line":102,"column":3}},"line":84},"11":{"name":"(anonymous_11)","decl":{"start":{"line":85,"column":23},"end":{"line":85,"column":24}},"loc":{"start":{"line":85,"column":44},"end":{"line":101,"column":5}},"line":85},"12":{"name":"(anonymous_12)","decl":{"start":{"line":86,"column":49},"end":{"line":86,"column":50}},"loc":{"start":{"line":86,"column":66},"end":{"line":100,"column":7}},"line":86},"13":{"name":"(anonymous_13)","decl":{"start":{"line":103,"column":14},"end":{"line":103,"column":15}},"loc":{"start":{"line":103,"column":20},"end":{"line":121,"column":3}},"line":103},"14":{"name":"(anonymous_14)","decl":{"start":{"line":104,"column":23},"end":{"line":104,"column":24}},"loc":{"start":{"line":104,"column":44},"end":{"line":120,"column":5}},"line":104},"15":{"name":"(anonymous_15)","decl":{"start":{"line":105,"column":55},"end":{"line":105,"column":56}},"loc":{"start":{"line":105,"column":72},"end":{"line":119,"column":7}},"line":105},"16":{"name":"(anonymous_16)","decl":{"start":{"line":122,"column":19},"end":{"line":122,"column":20}},"loc":{"start":{"line":122,"column":44},"end":{"line":165,"column":3}},"line":122},"17":{"name":"(anonymous_17)","decl":{"start":{"line":126,"column":6},"end":{"line":126,"column":7}},"loc":{"start":{"line":126,"column":23},"end":{"line":163,"column":7}},"line":126},"18":{"name":"(anonymous_18)","decl":{"start":{"line":141,"column":14},"end":{"line":141,"column":15}},"loc":{"start":{"line":141,"column":31},"end":{"line":147,"column":15}},"line":141},"19":{"name":"(anonymous_19)","decl":{"start":{"line":153,"column":14},"end":{"line":153,"column":15}},"loc":{"start":{"line":153,"column":31},"end":{"line":159,"column":15}},"line":153},"20":{"name":"(anonymous_20)","decl":{"start":{"line":166,"column":16},"end":{"line":166,"column":17}},"loc":{"start":{"line":166,"column":33},"end":{"line":334,"column":3}},"line":166},"21":{"name":"(anonymous_21)","decl":{"start":{"line":167,"column":23},"end":{"line":167,"column":24}},"loc":{"start":{"line":167,"column":44},"end":{"line":333,"column":5}},"line":167},"22":{"name":"(anonymous_22)","decl":{"start":{"line":172,"column":8},"end":{"line":172,"column":9}},"loc":{"start":{"line":172,"column":25},"end":{"line":331,"column":9}},"line":172},"23":{"name":"(anonymous_23)","decl":{"start":{"line":336,"column":19},"end":{"line":336,"column":20}},"loc":{"start":{"line":336,"column":44},"end":{"line":362,"column":3}},"line":336},"24":{"name":"(anonymous_24)","decl":{"start":{"line":337,"column":23},"end":{"line":337,"column":24}},"loc":{"start":{"line":337,"column":44},"end":{"line":361,"colu
[...]
d":{"line":368,"column":9}},"loc":{"start":{"line":368,"column":25},"end":{"line":372,"column":9}},"line":368},"28":{"name":"(anonymous_28)","decl":{"start":{"line":378,"column":6},"end":{"line":378,"column":7}},"loc":{"start":{"line":378,"column":23},"end":{"line":409,"column":7}},"line":378},"29":{"name":"(anonymous_29)","decl":{"start":{"line":387,"column":16},"end":{"line":387,"column":17}},"loc":{"start":{"line":387,"column":33},"end":{"line":391,"column":17}},"line":387},"30":{"name":"(anonymous_30)","decl":{"start":{"line":400,"column":16},"end":{"line":400,"column":17}},"loc":{"start":{"line":400,"column":33},"end":{"line":404,"column":17}},"line":400},"31":{"name":"(anonymous_31)","decl":{"start":{"line":413,"column":13},"end":{"line":413,"column":14}},"loc":{"start":{"line":413,"column":24},"end":{"line":427,"column":3}},"line":413},"32":{"name":"(anonymous_32)","decl":{"start":{"line":414,"column":23},"end":{"line":414,"column":24}},"loc":{"start":{"line":414,"column":44},"end":{"line":426,"column":5}},"line":414},"33":{"name":"(anonymous_33)","decl":{"start":{"line":418,"column":8},"end":{"line":418,"column":9}},"loc":{"start":{"line":418,"column":25},"end":{"line":424,"column":9}},"line":418},"34":{"name":"(anonymous_34)","decl":{"start":{"line":428,"column":14},"end":{"line":428,"column":15}},"loc":{"start":{"line":428,"column":39},"end":{"line":438,"column":3}},"line":428},"35":{"name":"(anonymous_35)","decl":{"start":{"line":432,"column":6},"end":{"line":432,"column":7}},"loc":{"start":{"line":432,"column":23},"end":{"line":436,"column":7}},"line":432}},"branchMap":{"0":{"loc":{"start":{"line":20,"column":8},"end":{"line":24,"column":9}},"type":"if","locations":[{"start":{"line":20,"column":8},"end":{"line":24,"column":9}},{"start":{"line":20,"column":8},"end":{"line":24,"column":9}}],"line":20},"1":{"loc":{"start":{"line":34,"column":8},"end":{"line":38,"column":9}},"type":"if","locations":[{"start":{"line":34,"column":8},"end":{"line":38,"column":9}},{"start":{"line":34,"column":8},"end":{"line":38,"column":9}}],"line":34},"2":{"loc":{"start":{"line":50,"column":10},"end":{"line":54,"column":11}},"type":"if","locations":[{"start":{"line":50,"column":10},"end":{"line":54,"column":11}},{"start":{"line":50,"column":10},"end":{"line":54,"column":11}}],"line":50},"3":{"loc":{"start":{"line":64,"column":10},"end":{"line":79,"column":11}},"type":"if","locations":[{"start":{"line":64,"column":10},"end":{"line":79,"column":11}},{"start":{"line":64,"column":10},"end":{"line":79,"column":11}}],"line":64},"4":{"loc":{"start":{"line":87,"column":8},"end":{"line":99,"column":9}},"type":"if","locations":[{"start":{"line":87,"column":8},"end":{"line":99,"column":9}},{"start":{"line":87,"column":8},"end":{"line":99,"column":9}}],"line":87},"5":{"loc":{"start":{"line":106,"column":8},"end":{"line":118,"column":9}},"type":"if","locations":[{"start":{"line":106,"column":8},"end":{"line":118,"column":9}},{"start":{"line":106,"column":8},"end":{"line":118,"column":9}}],"line":106},"6":{"loc":{"start":{"line":127,"column":8},"end":{"line":162,"column":9}},"type":"if","locations":[{"start":{"line":127,"column":8},"end":{"line":162,"column":9}},{"start":{"line":127,"column":8},"end":{"line":162,"column":9}}],"line":127},"7":{"loc":{"start":{"line":129,"column":10},"end":{"line":161,"column":11}},"type":"if","locations":[{"start":{"line":129,"column":10},"end":{"line":161,"column":11}},{"start":{"line":129,"column":10},"end":{"line":161,"column":11}}],"line":129},"8":{"loc":{"start":{"line":142,"column":16},"end":{"line":146,"column":17}},"type":"if","locations":[{"start":{"line":142,"column":16},"end":{"line":146,"column":17}},{"start":{"line":142,"column":16},"end":{"line":146,"column":17}}],"line":142},"9":{"loc":{"start":{"line":154,"column":16},"end":{"line":158,"column":17}},"type":"if","locations":[{"start":{"line":154,"column":16},"end":{"line":158,"column":17}},{"start":{"line":154,"column":16},"end":{"line":158,"column":17}}],"line":154},"10":{"loc":{"start":{"line":173,"column":10},"end":{"line":330,"column":11}},"type":"if","locations":[{"start":{"line":173,"column":10},"end":{"line":330,"column":11}},{"start":{"line":173,"column":10},"end":{"line":330,"column":11}}],"line":173},"11":{"loc":{"start":{"line":197,"column":14},"end":{"line":305,"column":15}},"type":"if","locations":[{"start":{"line":197,"column":14},"end":{"line":305,"column":15}},{"start":{"line":197,"column":14},"end":{"line":305,"column":15}}],"line":197},"12":{"loc":{"start":{"line":203,"column":21},"end":{"line":305,"column":15}},"type":"if","locations":[{"start":{"line":203,"column":21},"end":{"line":305,"column":15}},{"start":{"line":203,"column":21},"end":{"line":305,"column":15}}],"line":203},"13":{"loc":{"start":{"line":209,"column":21},"end":{"line":305,"column":15}},"type":"if","locations":[{"start":{"line":209,"column":21},"end":{"line":305,"column":15}},{"start":{"line":209,"column":21},"end":{"line":305,"column":15}}],"line":209},"14":{"loc":{"start":{"line":215,"column":21},"end":{"line":305,"column":15}},"type":"if","locations":[{"start":{"line":215,"column":21},"end":{"line":305,"column":15}},{"start":{"line":215,"column":21},"end":{"line":305,"column":15}}],"line":215},"15":{"loc":{"start":{"line":221,"column":21},"end":{"line":305,"column":15}},"type":"if","locations":[{"start":{"line":221,"column":21},"end":{"line":305,"column":15}},{"start":{"line":221,"column":21},"end":{"line":305,"column":15}}],"line":221},"16":{"loc":{"start":{"line":227,"column":21},"end":{"line":305,"column":15}},"type":"if","locations":[{"start":{"line":227,"column":21},"end":{"line":305,"column":15}},{"start":{"line":227,"column":21},"end":{"line":305,"column":15}}],"line":227},"17":{"loc":{"start":{"line":233,"column":21},"end":{"line":305,"column":15}},"type":"if","locations":[{"start":{"line":233,"column":21},"end":{"line":305,"column":15}},{"start":{"line":233,"column":21},"end":{"line":305,"column":15}}],"line":233},"18":{"loc":{"start":{"line":239,"column":21},"end":{"line":305,"column":15}},"type":"if","locations":[{"start":{"line":239,"column":21},"end":{"line":305,"column":15}},{"start":{"line":239,"column":21},"end":{"line":305,"column":15}}],"line":239},"19":{"loc":{"start":{"line":245,"column":21},"end":{"line":305,"column":15}},"type":"if","locations":[{"start":{"line":245,"column":21},"end":{"line":305,"column":15}},{"start":{"line":245,"column":21},"end":{"line":305,"column":15}}],"line":245},"20":{"loc":{"start":{"line":251,"column":21},"end":{"line":305,"column":15}},"type":"if","locations":[{"start":{"line":251,"column":21},"end":{"line":305,"column":15}},{"start":{"line":251,"column":21},"end":{"line":305,"column":15}}],"line":251},"21":{"loc":{"start":{"line":257,"column":21},"end":{"line":305,"column":15}},"type":"if","locations":[{"start":{"line":257,"column":21},"end":{"line":305,"column":15}},{"start":{"line":257,"column":21},"end":{"line":305,"column":15}}],"line":257},"22":{"loc":{"start":{"line":263,"column":21},"end":{"line":305,"column":15}},"type":"if","locations":[{"start":{"line":263,"column":21},"end":{"line":305,"column":15}},{"start":{"line":263,"column":21},"end":{"line":305,"column":15}}],"line":263},"23":{"loc":{"start":{"line":269,"column":21},"end":{"line":305,"column":15}},"type":"if","locations":[{"start":{"line":269,"column":21},"end":{"line":305,"column":15}},{"start":{"line":269,"column":21},"end":{"line":305,"column":15}}],"line":269},"24":{"loc":{"start":{"line":275,"column":21},"end":{"line":305,"column":15}},"type":"if","locations":[{"start":{"line":275,"column":21},"end":{"line":305,"column":15}},{"start":{"line":275,"column":21},"end":{"line":305,"column":15}}],"line":275},"25":{"loc":{"start":{"line":281,"column":21},"end":{"line":305,"column":15}},"type":"if","locations":[{"start":{"line":281,"column":21},"end":{"line":305,"column":15}},{"start":{"line":281,"column":21},"end":{"line":305,"column":15}}],"line":281},"26":{"loc":{"start":{"line":287,"column":21},"end":{"line":305,"column":15}},"type":"if","locations":[{"start":{"line":287,"column":21},"end":{"line":305,"column":15}},{"start":{"line":287,"column":21},"end":{"line":305,"column":15}}],"line":287},"27":{"loc":{"start":{"line":293,"column":21},"end":{"line":305,"column":15}},"type":"if","locations":[{"start":{"line":293,"column":21},"end":{"line":305,"column":15}},{"start":{"line":293,"column":21},"end":{"line":305,"column":15}}],"line":293},"28":{"loc":{"start":{"line":299,"column":21},"end":{"line":305,"column":15}},"type":"if","locations":[{"start":{"line":299,"column":21},"end":{"line":305,"column":15}},{"start":{"line":299,"column":21},"end":{"line":305,"column":15}}],"line":299},"29":{"loc":{"start":{"line":342,"column":10},"end":{"line":358,"column":11}},"type":"if","locations":[{"start":{"line":342,"column":10},"end":{"line":358,"column":11}},{"start":{"line":342,"column":10},"end":{"line":358,"column":11}}],"line":342},"30":{"loc":{"start":{"line":364,"column":4},"end":{"line":374,"column":5}},"type":"if","locations":[{"start":{"line":364,"column":4},"end":{"line":374,"column":5}},{"start":{"line":364,"column":4},"end":{"line":374,"column":5}}],"line":364},"31":{"loc":{"start":{"line":369,"column":10},"end":{"line":371,"column":11}},"type":"if","locations":[{"start":{"line":369,"column":10},"end":{"line":371,"column":11}},{"start":{"line":369,"column":10},"end":{"line":371,"column":11}}],"line":369},"32":{"loc":{"start":{"line":379,"column":8},"end":{"line":408,"column":9}},"type":"if","locations":[{"start":{"line":379,"column":8},"end":{"line":408,"column":9}},{"start":{"line":379,"column":8},"end":{"line":408,"column":9}}],"line":379},"33":{"loc":{"start":{"line":381,"column":10},"end":{"line":407,"column":11}},"type":"if","locations":[{"start":{"line":381,"column":10},"end":{"line":407,"column":11}},{"start":{"line":381,"column":10},"end":{"line":407,"column":11}}],"line":381},"34":{"loc":{"start":{"line":382,"column":12},"end":{"line":393,"column":13}},"type":"if","locations":[{"start":{"line":382,"column":12},"end":{"line":393,"column":13}},{"start":{"line":382,"column":12},"end":{"line":393,"column":13}}],"line":382},"35":{"loc":{"start":{"line":388,"column":18},"end":{"line":390,"column":19}},"type":"if","locations":[{"start":{"line":388,"column":18},"end":{"line":390,"column":19}},{"start":{"line":388,"column":18},"end":{"line":390,"column":19}}],"line":388},"36":{"loc":{"start":{"line":395,"column":12},"end":{"line":406,"column":13}},"type":"if","locations":[{"start":{"line":395,"column":12},"end":{"line":406,"column":13}},{"start":{"line":395,"column":12},"end":{"line":406,"column":13}}],"line":395},"37":{"loc":{"start":{"line":401,"column":18},"end":{"line":403,"column":19}},"type":"if","locations":[{"start":{"line":401,"column":18},"end":{"line":403,"column":19}},{"start":{"line":401,"column":18},"end":{"line":403,"column":19}}],"line":401},"38":{"loc":{"start":{"line":419,"column":10},"end":{"line":423,"column":11}},"type":"if","locations":[{"start":{"line":419,"column":10},"end":{"line":423,"column":11}},{"start":{"line":419,"column":10},"end":{"line":423,"column":11}}],"line":419},"39":{"loc":{"start":{"line":433,"column":8},"end":{"line":435,"column":9}},"type":"if","locations":[{"start":{"line":433,"column":8},"end":{"line":435,"column":9}},{"start":{"line":433,"column":8},"end":{"line":435,"column":9}}],"line":433}},"s":{"0":1,"1":1,"2":0,"3":0,"4":0,"5":0,"6":0,"7":0,"8":0,"9":0,"10":0,"11":0,"12":0,"13":0,"14":0,"15":0,"16":0,"17":0,"18":0,"19":0,"20":0,"21":0,"22":0,"23":0,"24":0,"25":0,"26":0,"27":0,"28":0,"29":0,"30":0,"31":0,"32":0,"33":0,"34":0,"35":0,"36":0,"37":0,"38":0,"39":0,"40":0,"41":0,"42":0,"43":0,"44":0,"45":0,"46":0,"47":0,"48":0,"49":0,"50":0,"51":0,"52":0,"53":0,"54":0,"55":0,"56":0,"57":0,"58":0,"59":0,"60":0,"61":0,"62":0,"63":0,"64":0,"65":0,"66":0,"67":0,"68":0,"69":0,"70":0,"71":0,"72":0,"73":0,"74":0,"75":0,"76":0,"77":0,"78":0,"79":0,"80":0,"81":0,"82":0,"83":0,"84":0,"85":0,"86":0,"87":0,"88":0,"89":0,"90":0,"91":0,"92":0,"93":0,"94":0,"95":0,"96":0,"97":0,"98":0,"99":0,"100":0,"101":0,"102":0,"103":0,"104":0,"105":0,"106":0,"107":0,"108":0,"109":0,"110":0,"111":0,"112":0,"113":0,"114":0,"115":0,"116":0,"117":0,"118":0,"119":0,"120":0,"121":0,"122":0,"123":0,"124":0,"125":0,"126":0,"127":0,"128":0,"129":0,"130":0,"131":0,"132":0,"133":0,"134":0,"135":0,"136":0,"137":0,"138":0,"139":0,"140":0,"141":0,"142":0,"143":0,"144":0,"145":0,"146":0},"f":{"0":0,"1":0,"2":0,"3":0,"4":0,"5":0,"6":0,"7":0,"8":0,"9":0,"10":0,"11":0,"12":0,"13":0,"14":0,"15":0,"16":0,"17":0,"18":0,"19":0,"20":0,"21":0,"22":0,"23":0,"24":0,"25":0,"26":0,"27":0,"28":0,"29":0,"30":0,"31":0,"32":0,"33":0,"34":0,"35":0},"b":{"0":[0,0],"1":[0,0],"2":[0,0],"3":[0,0],"4":[0,0],"5":[0,0],"6":[0,0],"7":[0,0],"8":[0,0],"9":[0,0],"10":[0,0],"11":[0,0],"12":[0,0],"13":[0,0],"14":[0,0],"15":[0,0],"16":[0,0],"17":[0,0],"18":[0,0],"19":[0,0],"20":[0,0],"21":[0,0],"22":[0,0],"23":[0,0],"24":[0,0],"25":[0,0],"26":[0,0],"27":[0,0],"28":[0,0],"29":[0,0],"30":[0,0],"31":[0,0],"32":[0,0],"33":[0,0],"34":[0,0],"35":[0,0],"36":[0,0],"37":[0,0],"38":[0,0],"39":[0,0]},"_coverageSchema":"1a1c01bbd47fc00a2c39e90264f33305004495a9","hash":"df4c978b70b96b1e3bb1ca1a2d417e7d9143c193"}
,"E:\\Semester 4\\Software Engineering\\Project Testing\\SE-Channel-schedule\\routes\\admin.js": {"path":"E:\\Semester 4\\Software Engineering\\Project Testing\\SE-Channel-schedule\\routes\\admin.js","statementMap":{"0":{"start":{"line":1,"column":15},"end":{"line":1,"column":42}},"1":{"start":{"line":12,"column":4},"end":{"line":12,"column":45}},"2":{"start":{"line":14,"column":26},"end":{"line":14,"column":64}},"3":{"start":{"line":15,"column":29},"end":{"line":15,"column":70}},"4":{"start":{"line":18,"column":0},"end":{"line":18,"column":50}},"5":{"start":{"line":19,"column":0},"end":{"line":19,"column":29}},"6":{"start":{"line":24,"column":0},"end":{"line":24,"column":50}},"7":{"start":{"line":27,"column":0},"end":{"line":27,"column":57}},"8":{"start":{"line":28,"column":0},"end":{"line":28,"column":44}},"9":{"start":{"line":31,"column":0},"end":{"line":31,"column":53}},"10":{"start":{"line":32,"column":0},"end":{"line":32,"column":35}},"11":{"start":{"line":34,"column":0},"end":{"line":34,"column":24}}},"fnMap":{},"branchMap":{},"s":{"0":1,"1":1,"2":1,"3":1,"4":1,"5":1,"6":1,"7":1,"8":1,"9":1,"10":1,"11":1},"f":{},"b":{},"_coverageSchema":"1a1c01bbd47fc00a2c39e90264f33305004495a9","hash":"17e0b0e86764b4008f66f80779c9d683d90f2945"}
,"E:\\Semester 4\\Software Engineering\\Project Testing\\SE-Channel-schedule\\routes\\index.js": {"path":"E:\\Semester 4\\Software Engineering\\Project Testing\\SE-Channel-schedule\\routes\\index.js","statementMap":{"0":{"start":{"line":1,"column":16},"end":{"line":1,"column":34}},"1":{"start":{"line":2,"column":15},"end":{"line":2,"column":31}},"2":{"start":{"line":3,"column":13},"end":{"line":3,"column":30}},"3":{"start":{"line":4,"column":14},"end":{"line":4,"column":32}},"4":{"start":{"line":5,"column":14},"end":{"line":5,"column":32}},"5":{"start":{"line":16,"column":4},"end":{"line":16,"column":45}},"6":{"start":{"line":18,"column":37},"end":{"line":18,"column":77}},"7":{"start":{"line":20,"column":21},"end":{"line":20,"column":54}},"8":{"start":{"line":21,"column":26},"end":{"line":21,"column":64}},"9":{"start":{"line":22,"column":21},"end":{"line":22,"column":54}},"10":{"start":{"line":23,"column":23},"end":{"line":23,"column":58}},"11":{"start":{"line":24,"column":23},"end":{"line":24,"column":58}},"12":{"start":{"line":25,"column":20},"end":{"line":25,"column":53}},"13":{"start":{"line":28,"column":0},"end":{"line":35,"column":2}},"14":{"start":{"line":31,"column":4},"end":{"line":31,"column":11}},"15":{"start":{"line":38,"column":0},"end":{"line":38,"column":37}},"16":{"start":{"line":39,"column":0},"end":{"line":39,"column":35}},"17":{"start":{"line":42,"column":0},"end":{"line":42,"column":44}},"18":{"start":{"line":43,"column":0},"end":{"line":43,"column":38}},"19":{"start":{"line":46,"column":0},"end":{"line":46,"column":56}},"20":{"start":{"line":47,"column":0},"end":{"line":47,"column":41}},"21":{"start":{"line":50,"column":0},"end":{"line":50,"column":47}},"22":{"start":{"line":51,"column":0},"end":{"line":51,"column":33}},"23":{"start":{"line":54,"column":0},"end":{"line":54,"column":53}},"24":{"start":{"line":55,"column":0},"end":{"line":55,"column":37}},"25":{"start":{"line":58,"column":0},"end":{"line":58,"column":30}},"26":{"start":{"line":60,"column":0},"end":{"line":60,"column":26}},"27":{"start":{"line":61,"column":0},"end":{"line":61,"column":28}},"28":{"start":{"line":62,"column":0},"end":{"line":62,"column":28}},"29":{"start":{"line":63,"column":0},"end":{"line":63,"column":25}},"30":{"start":{"line":65,"column":0},"end":{"line":65,"column":24}}},"fnMap":{"0":{"name":"(anonymous_0)","decl":{"start":{"line":30,"column":2},"end":{"line":30,"column":3}},"loc":{"start":{"line":30,"column":22},"end":{"line":32,"column":3}},"line":30}},"branchMap":{},"s":{"0":1,"1":1,"2":1,"3":1,"4":1,"5":1,"6":1,"7":1,"8":1,"9":1,"10":1,"11":1,"12":1,"13":1,"14":0,"15":1,"16":1,"17":1,"18":1,"19":1,"20":1,"21":1,"22":1,"23":1,"24":1,"25":1,"26":1,"27":1,"28":1,"29":1,"30":1},"f":{"0":0},"b":{},"_coverageSchema":"1a1c01bbd47fc00a2c39e90264f33305004495a9","hash":"933079f821856cb7d837b3b475761630659fe3e8"}
,"E:\\Semester 4\\Software Engineering\\Project Testing\\SE-Channel-schedule\\routes\\staff.js": {"path":"E:\\Semester 4\\Software Engineering\\Project Testing\\SE-Channel-schedule\\routes\\staff.js","statementMap":{"0":{"start":{"line":1,"column":15},"end":{"line":1,"column":42}},"1":{"start":{"line":6,"column":4},"end":{"line":6,"column":45}},"2":{"start":{"line":7,"column":21},"end":{"line":7,"column":54}},"3":{"start":{"line":8,"column":16},"end":{"line":8,"column":49}},"4":{"start":{"line":10,"column":0},"end":{"line":10,"column":45}},"5":{"start":{"line":11,"column":0},"end":{"line":11,"column":56}},"6":{"start":{"line":12,"column":0},"end":{"line":12,"column":44}},"7":{"start":{"line":14,"column":0},"end":{"line":14,"column":56}},"8":{"start":{"line":16,"column":0},"end":{"line":16,"column":58}},"9":{"start":{"line":17,"column":0},"end":{"line":17,"column":45}},"10":{"start":{"line":18,"column":0},"end":{"line":18,"column":24}}},"fnMap":{},"branchMap":{},"s":{"0":1,"1":1,"2":1,"3":1,"4":1,"5":1,"6":1,"7":1,"8":1,"9":1,"10":1},"f":{},"b":{},"_coverageSchema":"1a1c01bbd47fc00a2c39e90264f33305004495a9","hash":"4a6341be92acdf5af07af81e583a35e4369d8b3d"}
,"E:\\Semester 4\\Software Engineering\\Project Testing\\SE-Channel-schedule\\routes\\user.js": {"path":"E:\\Semester 4\\Software Engineering\\Project Testing\\SE-Channel-schedule\\routes\\user.js","statementMap":{"0":{"start":{"line":1,"column":15},"end":{"line":1,"column":42}},"1":{"start":{"line":7,"column":4},"end":{"line":7,"column":44}},"2":{"start":{"line":9,"column":21},"end":{"line":9,"column":54}},"3":{"start":{"line":10,"column":16},"end":{"line":10,"column":49}},"4":{"start":{"line":13,"column":0},"end":{"line":13,"column":44}},"5":{"start":{"line":14,"column":0},"end":{"line":14,"column":44}},"6":{"start":{"line":16,"column":0},"end":{"line":16,"column":56}},"7":{"start":{"line":17,"column":0},"end":{"line":17,"column":64}},"8":{"start":{"line":18,"column":0},"end":{"line":18,"column":51}},"9":{"start":{"line":20,"column":0},"end":{"line":20,"column":58}},"10":{"start":{"line":21,"column":0},"end":{"line":21,"column":60}},"11":{"start":{"line":22,"column":0},"end":{"line":22,"column":62}},"12":{"start":{"line":23,"column":0},"end":{"line":23,"column":53}},"13":{"start":{"line":24,"column":0},"end":{"line":24,"column":24}}},"fnMap":{},"branchMap":{},"s":{"0":1,"1":1,"2":1,"3":1,"4":1,"5":1,"6":1,"7":1,"8":1,"9":1,"10":1,"11":1,"12":1,"13":1},"f":{},"b":{},"_coverageSchema":"1a1c01bbd47fc00a2c39e90264f33305004495a9","hash":"c0bcd480b773bbc24d3c77de30d51b6afb46f4a8"}
}
