TN:
SF:index.js
FN:41,(anonymous_0)
FNF:1
FNH:0
FNDA:0,(anonymous_0)
DA:1,10
DA:2,10
DA:3,10
DA:4,10
DA:5,10
DA:6,10
DA:7,10
DA:8,10
DA:10,10
DA:13,10
DA:15,10
DA:16,10
DA:17,10
DA:18,10
DA:21,10
DA:24,10
DA:25,10
DA:26,10
DA:39,10
DA:41,10
DA:42,0
DA:45,10
LF:22
LH:21
BRDA:41,0,0,10
BRDA:41,0,1,0
BRF:2
BRH:1
end_of_record
TN:
SF:config\database.js
FNF:0
FNH:0
DA:1,10
DA:3,10
DA:5,10
DA:16,10
LF:4
LH:4
BRF:0
BRH:0
end_of_record
TN:
SF:controllers\adminController.js
FN:24,(anonymous_0)
FN:32,(anonymous_1)
FN:68,(anonymous_2)
FN:73,(anonymous_3)
FN:78,(anonymous_4)
FN:90,(anonymous_5)
FN:101,(anonymous_6)
FN:119,(anonymous_7)
FNF:8
FNH:7
FNDA:1,(anonymous_0)
FNDA:4,(anonymous_1)
FNDA:1,(anonymous_2)
FNDA:1,(anonymous_3)
FNDA:2,(anonymous_4)
FNDA:1,(anonymous_5)
FNDA:1,(anonymous_6)
FNDA:0,(anonymous_7)
DA:5,10
DA:13,10
DA:14,10
DA:15,10
DA:20,10
DA:22,10
DA:25,1
DA:33,4
DA:34,4
DA:35,4
DA:36,1
DA:42,3
DA:43,3
DA:44,3
DA:45,1
DA:47,2
DA:49,2
DA:51,2
DA:52,1
DA:56,1
DA:57,1
DA:59,1
DA:61,0
DA:69,1
DA:74,1
DA:79,2
DA:80,2
DA:81,2
DA:82,2
DA:83,1
DA:85,1
DA:91,1
DA:92,1
DA:93,1
DA:102,1
DA:103,1
DA:104,1
DA:105,1
DA:110,0
DA:111,0
DA:112,0
DA:113,0
DA:114,0
DA:115,0
DA:116,0
DA:117,0
DA:119,0
DA:121,0
DA:122,0
DA:123,0
DA:127,0
DA:132,0
LF:52
LH:37
BRDA:35,0,0,1
BRDA:35,0,1,3
BRDA:44,1,0,1
BRDA:44,1,1,2
BRDA:51,2,0,1
BRDA:51,2,1,1
BRDA:104,3,0,1
BRDA:104,3,1,0
BRDA:116,4,0,0
BRDA:116,4,1,0
BRDA:121,5,0,0
BRDA:121,5,1,0
BRDA:122,6,0,0
BRDA:122,6,1,0
BRF:14
BRH:7
end_of_record
TN:
SF:controllers\channel.js
FN:20,(anonymous_0)
FN:34,(anonymous_1)
FN:57,(anonymous_2)
FN:67,(anonymous_3)
FN:87,(anonymous_4)
FN:96,(anonymous_5)
FNF:6
FNH:0
FNDA:0,(anonymous_0)
FNDA:0,(anonymous_1)
FNDA:0,(anonymous_2)
FNDA:0,(anonymous_3)
FNDA:0,(anonymous_4)
FNDA:0,(anonymous_5)
DA:1,10
DA:2,10
DA:3,10
DA:14,10
DA:18,10
DA:20,10
DA:21,0
DA:22,0
DA:23,0
DA:24,0
DA:25,0
DA:27,0
DA:28,0
DA:29,0
DA:31,0
DA:34,10
DA:35,0
DA:36,0
DA:37,0
DA:39,0
DA:41,0
DA:42,0
DA:44,0
DA:45,0
DA:52,0
DA:54,0
DA:57,10
DA:58,0
DA:59,0
DA:60,0
DA:61,0
DA:62,0
DA:64,0
DA:67,10
DA:68,0
DA:69,0
DA:70,0
DA:71,0
DA:72,0
DA:73,0
DA:74,0
DA:75,0
DA:77,0
DA:78,0
DA:79,0
DA:81,0
DA:83,0
DA:87,10
DA:88,0
DA:89,0
DA:90,0
DA:91,0
DA:93,0
DA:96,10
DA:97,0
DA:98,0
DA:99,0
DA:100,0
DA:101,0
DA:102,0
DA:104,0
LF:61
LH:11
BRDA:21,0,0,0
BRDA:21,0,1,0
BRDA:35,1,0,0
BRDA:35,1,1,0
BRDA:58,2,0,0
BRDA:58,2,1,0
BRDA:68,3,0,0
BRDA:68,3,1,0
BRDA:69,4,0,0
BRDA:69,4,1,0
BRDA:88,5,0,0
BRDA:88,5,1,0
BRDA:97,6,0,0
BRDA:97,6,1,0
BRF:14
BRH:0
end_of_record
TN:
SF:controllers\indexController.js
FN:12,(anonymous_0)
FN:20,(anonymous_1)
FN:58,(anonymous_2)
FN:65,(anonymous_3)
FN:70,(anonymous_4)
FN:90,(anonymous_5)
FN:95,(anonymous_6)
FN:115,(anonymous_7)
FN:120,(anonymous_8)
FNF:9
FNH:9
FNDA:1,(anonymous_0)
FNDA:5,(anonymous_1)
FNDA:1,(anonymous_2)
FNDA:1,(anonymous_3)
FNDA:3,(anonymous_4)
FNDA:1,(anonymous_5)
FNDA:4,(anonymous_6)
FNDA:1,(anonymous_7)
FNDA:3,(anonymous_8)
DA:1,10
DA:5,10
DA:6,10
DA:7,10
DA:9,10
DA:13,1
DA:21,5
DA:22,5
DA:23,5
DA:24,1
DA:30,4
DA:31,4
DA:32,4
DA:33,1
DA:37,3
DA:39,3
DA:41,3
DA:42,1
DA:47,2
DA:48,1
DA:49,1
DA:51,1
DA:59,1
DA:60,1
DA:61,1
DA:66,1
DA:71,3
DA:72,3
DA:73,3
DA:74,3
DA:75,1
DA:79,2
DA:80,1
DA:81,1
DA:83,1
DA:91,1
DA:96,4
DA:97,4
DA:98,4
DA:99,2
DA:102,2
DA:103,2
DA:105,2
DA:106,2
DA:107,1
DA:108,1
DA:110,1
DA:116,1
DA:121,3
DA:122,3
DA:123,3
DA:124,2
DA:125,2
DA:126,2
DA:127,2
DA:128,1
DA:129,1
DA:131,1
DA:134,1
LF:59
LH:59
BRDA:23,0,0,1
BRDA:23,0,1,4
BRDA:32,1,0,1
BRDA:32,1,1,3
BRDA:41,2,0,1
BRDA:41,2,1,2
BRDA:74,3,0,1
BRDA:74,3,1,2
BRDA:98,4,0,2
BRDA:98,4,1,2
BRDA:127,5,0,1
BRDA:127,5,1,1
BRDA:127,6,0,2
BRDA:127,6,1,2
BRF:14
BRH:14
end_of_record
TN:
SF:controllers\staffController.js
FN:8,(anonymous_0)
FN:13,(anonymous_1)
FN:18,(anonymous_2)
FN:30,(anonymous_3)
FNF:4
FNH:0
FNDA:0,(anonymous_0)
FNDA:0,(anonymous_1)
FNDA:0,(anonymous_2)
FNDA:0,(anonymous_3)
DA:1,10
DA:2,10
DA:3,10
DA:5,10
DA:9,0
DA:14,0
DA:19,0
DA:20,0
DA:21,0
DA:22,0
DA:23,0
DA:26,0
DA:27,0
DA:28,0
DA:29,0
DA:30,0
DA:31,0
DA:32,0
DA:34,0
DA:38,0
LF:20
LH:4
BRDA:21,0,0,0
BRDA:21,0,1,0
BRDA:31,1,0,0
BRDA:31,1,1,0
BRF:4
BRH:0
end_of_record
TN:
SF:controllers\userController.js
FN:15,(anonymous_0)
FN:20,(anonymous_1)
FN:29,(anonymous_2)
FN:45,(anonymous_3)
FN:63,(anonymous_4)
FN:68,(anonymous_5)
FN:79,(anonymous_6)
FNF:7
FNH:0
FNDA:0,(anonymous_0)
FNDA:0,(anonymous_1)
FNDA:0,(anonymous_2)
FNDA:0,(anonymous_3)
FNDA:0,(anonymous_4)
FNDA:0,(anonymous_5)
FNDA:0,(anonymous_6)
DA:4,10
DA:9,10
DA:11,10
DA:13,10
DA:16,0
DA:21,0
DA:30,0
DA:31,0
DA:32,0
DA:33,0
DA:40,0
DA:41,0
DA:42,0
DA:43,0
DA:45,0
DA:46,0
DA:47,0
DA:48,0
DA:52,0
DA:57,0
DA:64,0
DA:69,0
DA:70,0
DA:71,0
DA:72,0
DA:75,0
DA:76,0
DA:77,0
DA:78,0
DA:79,0
DA:80,0
DA:81,0
DA:83,0
DA:87,0
LF:34
LH:4
BRDA:32,0,0,0
BRDA:32,0,1,0
BRDA:46,1,0,0
BRDA:46,1,1,0
BRDA:47,2,0,0
BRDA:47,2,1,0
BRDA:71,3,0,0
BRDA:71,3,1,0
BRDA:80,4,0,0
BRDA:80,4,1,0
BRF:10
BRH:0
end_of_record
TN:
SF:controllers\validator\validate.js
FN:3,(anonymous_0)
FN:17,(anonymous_1)
FN:25,(anonymous_2)
FN:33,(anonymous_3)
FN:41,(anonymous_4)
FNF:5
FNH:3
FNDA:0,(anonymous_0)
FNDA:9,(anonymous_1)
FNDA:0,(anonymous_2)
FNDA:4,(anonymous_3)
FNDA:1,(anonymous_4)
DA:1,10
DA:3,10
DA:4,0
DA:14,0
DA:17,10
DA:18,9
DA:22,9
DA:25,10
DA:26,0
DA:30,0
DA:33,10
DA:34,4
DA:38,4
DA:41,10
DA:42,1
DA:51,1
DA:54,10
DA:55,10
DA:56,10
DA:57,10
DA:58,10
LF:21
LH:17
BRF:0
BRH:0
end_of_record
TN:
SF:middleware\allowEmail.js
FN:1,(anonymous_0)
FNF:1
FNH:1
FNDA:2,(anonymous_0)
DA:1,10
DA:2,2
DA:3,0
DA:4,0
DA:6,2
DA:7,1
DA:9,1
DA:13,10
LF:8
LH:6
BRDA:2,0,0,0
BRDA:2,0,1,2
BRDA:2,1,0,2
BRDA:2,1,1,0
BRDA:6,2,0,1
BRDA:6,2,1,1
BRF:6
BRH:4
end_of_record
TN:
SF:middleware\anyRoute.js
FN:2,(anonymous_0)
FNF:1
FNH:1
FNDA:4,(anonymous_0)
DA:1,10
DA:3,4
DA:4,1
DA:5,3
DA:6,1
DA:7,2
DA:8,1
DA:10,1
LF:8
LH:8
BRDA:3,0,0,1
BRDA:3,0,1,3
BRDA:5,1,0,1
BRDA:5,1,1,2
BRDA:7,2,0,1
BRDA:7,2,1,1
BRF:6
BRH:6
end_of_record
TN:
SF:middleware\isAdminLogged.js
FN:2,(anonymous_0)
FNF:1
FNH:1
FNDA:2,(anonymous_0)
DA:1,10
DA:3,2
DA:4,1
DA:6,1
LF:4
LH:4
BRDA:3,0,0,1
BRDA:3,0,1,1
BRF:2
BRH:2
end_of_record
TN:
SF:middleware\isAdminNotLogged.js
FN:2,(anonymous_0)
FNF:1
FNH:1
FNDA:3,(anonymous_0)
DA:1,10
DA:3,3
DA:4,2
DA:6,1
LF:4
LH:4
BRDA:3,0,0,2
BRDA:3,0,1,1
BRDA:3,1,0,3
BRDA:3,1,1,2
BRF:4
BRH:4
end_of_record
TN:
SF:middleware\isLogged.js
FN:2,(anonymous_0)
FNF:1
FNH:1
FNDA:2,(anonymous_0)
DA:1,10
DA:3,2
DA:4,0
DA:5,0
DA:7,2
DA:8,1
DA:10,1
LF:7
LH:5
BRDA:3,0,0,0
BRDA:3,0,1,2
BRDA:7,1,0,1
BRDA:7,1,1,1
BRF:4
BRH:3
end_of_record
TN:
SF:middleware\isNotLoggedIn.js
FN:2,(anonymous_0)
FNF:1
FNH:1
FNDA:2,(anonymous_0)
DA:1,10
DA:3,2
DA:4,0
DA:5,0
DA:7,2
DA:8,1
DA:10,1
LF:7
LH:5
BRDA:3,0,0,0
BRDA:3,0,1,2
BRDA:3,1,0,2
BRDA:3,1,1,0
BRDA:7,2,0,1
BRDA:7,2,1,1
BRF:6
BRH:4
end_of_record
TN:
SF:middleware\isValidate.js
FN:1,(anonymous_0)
FNF:1
FNH:1
FNDA:2,(anonymous_0)
DA:1,10
DA:2,2
DA:3,1
DA:5,1
DA:9,10
LF:5
LH:5
BRDA:2,0,0,1
BRDA:2,0,1,1
BRF:2
BRH:2
end_of_record
TN:
SF:middleware\whatType.js
FN:1,(anonymous_0)
FNF:1
FNH:1
FNDA:3,(anonymous_0)
DA:1,10
DA:2,3
DA:3,0
DA:4,0
DA:6,3
DA:7,1
DA:8,2
DA:9,1
DA:11,1
DA:15,10
LF:10
LH:8
BRDA:2,0,0,0
BRDA:2,0,1,3
BRDA:6,1,0,1
BRDA:6,1,1,2
BRDA:8,2,0,1
BRDA:8,2,1,1
BRF:6
BRH:5
end_of_record
TN:
SF:models\adminModel.js
FN:4,(anonymous_0)
FN:5,(anonymous_1)
FN:9,(anonymous_2)
FN:20,(anonymous_3)
FN:26,(anonymous_4)
FN:36,(anonymous_5)
FN:37,(anonymous_6)
FN:41,(anonymous_7)
FN:51,(anonymous_8)
FN:52,(anonymous_9)
FN:56,(anonymous_10)
FN:67,(anonymous_11)
FN:68,(anonymous_12)
FN:72,(anonymous_13)
FN:82,(anonymous_14)
FN:83,(anonymous_15)
FN:86,(anonymous_16)
FNF:17
FNH:12
FNDA:3,(anonymous_0)
FNDA:3,(anonymous_1)
FNDA:3,(anonymous_2)
FNDA:0,(anonymous_3)
FNDA:0,(anonymous_4)
FNDA:2,(anonymous_5)
FNDA:2,(anonymous_6)
FNDA:2,(anonymous_7)
FNDA:0,(anonymous_8)
FNDA:0,(anonymous_9)
FNDA:0,(anonymous_10)
FNDA:2,(anonymous_11)
FNDA:2,(anonymous_12)
FNDA:2,(anonymous_13)
FNDA:1,(anonymous_14)
FNDA:1,(anonymous_15)
FNDA:1,(anonymous_16)
DA:1,10
DA:3,10
DA:5,3
DA:6,3
DA:10,3
DA:11,0
DA:13,3
DA:21,0
DA:27,0
DA:28,0
DA:30,0
DA:37,2
DA:38,2
DA:42,2
DA:43,0
DA:45,2
DA:52,0
DA:53,0
DA:57,0
DA:58,0
DA:60,0
DA:68,2
DA:69,2
DA:73,2
DA:74,1
DA:76,1
DA:83,1
DA:84,1
DA:87,1
DA:88,0
DA:90,1
DA:91,1
DA:92,6
DA:93,6
DA:95,6
DA:101,1
LF:36
LH:24
BRDA:10,0,0,0
BRDA:10,0,1,3
BRDA:27,1,0,0
BRDA:27,1,1,0
BRDA:42,2,0,0
BRDA:42,2,1,2
BRDA:57,3,0,0
BRDA:57,3,1,0
BRDA:73,4,0,1
BRDA:73,4,1,1
BRDA:87,5,0,0
BRDA:87,5,1,1
BRF:12
BRH:5
end_of_record
TN:
SF:models\staffModel.js
FN:4,(anonymous_0)
FN:21,(anonymous_1)
FN:31,(anonymous_2)
FN:35,(anonymous_3)
FN:45,(anonymous_4)
FN:46,(anonymous_5)
FN:50,(anonymous_6)
FN:64,(anonymous_7)
FN:65,(anonymous_8)
FN:69,(anonymous_9)
FNF:10
FNH:0
FNDA:0,(anonymous_0)
FNDA:0,(anonymous_1)
FNDA:0,(anonymous_2)
FNDA:0,(anonymous_3)
FNDA:0,(anonymous_4)
FNDA:0,(anonymous_5)
FNDA:0,(anonymous_6)
FNDA:0,(anonymous_7)
FNDA:0,(anonymous_8)
FNDA:0,(anonymous_9)
DA:1,10
DA:3,10
DA:5,0
DA:22,0
DA:23,0
DA:25,0
DA:32,0
DA:36,0
DA:37,0
DA:39,0
DA:46,0
DA:47,0
DA:51,0
DA:52,0
DA:54,0
DA:65,0
DA:66,0
DA:70,0
DA:71,0
DA:72,0
DA:74,0
DA:75,0
DA:76,0
DA:78,0
DA:84,0
LF:25
LH:2
BRDA:22,0,0,0
BRDA:22,0,1,0
BRDA:36,1,0,0
BRDA:36,1,1,0
BRDA:51,2,0,0
BRDA:51,2,1,0
BRDA:71,3,0,0
BRDA:71,3,1,0
BRF:8
BRH:0
end_of_record
TN:
SF:models\userModel.js
FN:5,(anonymous_0)
FN:19,(anonymous_1)
FN:29,(anonymous_2)
FN:37,(anonymous_3)
FN:38,(anonymous_4)
FN:42,(anonymous_5)
FN:52,(anonymous_6)
FN:53,(anonymous_7)
FN:56,(anonymous_8)
FN:77,(anonymous_9)
FN:78,(anonymous_10)
FN:79,(anonymous_11)
FN:96,(anonymous_12)
FN:97,(anonymous_13)
FN:98,(anonymous_14)
FN:115,(anonymous_15)
FN:119,(anonymous_16)
FN:134,(anonymous_17)
FN:146,(anonymous_18)
FN:159,(anonymous_19)
FN:160,(anonymous_20)
FN:165,(anonymous_21)
FN:329,(anonymous_22)
FN:330,(anonymous_23)
FN:334,(anonymous_24)
FN:361,(anonymous_25)
FN:366,(anonymous_26)
FN:376,(anonymous_27)
FN:385,(anonymous_28)
FN:398,(anonymous_29)
FN:411,(anonymous_30)
FN:412,(anonymous_31)
FN:416,(anonymous_32)
FN:426,(anonymous_33)
FN:430,(anonymous_34)
FNF:35
FNH:4
FNDA:0,(anonymous_0)
FNDA:0,(anonymous_1)
FNDA:1,(anonymous_2)
FNDA:9,(anonymous_3)
FNDA:9,(anonymous_4)
FNDA:9,(anonymous_5)
FNDA:0,(anonymous_6)
FNDA:0,(anonymous_7)
FNDA:0,(anonymous_8)
FNDA:0,(anonymous_9)
FNDA:0,(anonymous_10)
FNDA:0,(anonymous_11)
FNDA:0,(anonymous_12)
FNDA:0,(anonymous_13)
FNDA:0,(anonymous_14)
FNDA:0,(anonymous_15)
FNDA:0,(anonymous_16)
FNDA:0,(anonymous_17)
FNDA:0,(anonymous_18)
FNDA:0,(anonymous_19)
FNDA:0,(anonymous_20)
FNDA:0,(anonymous_21)
FNDA:0,(anonymous_22)
FNDA:0,(anonymous_23)
FNDA:0,(anonymous_24)
FNDA:0,(anonymous_25)
FNDA:0,(anonymous_26)
FNDA:0,(anonymous_27)
FNDA:0,(anonymous_28)
FNDA:0,(anonymous_29)
FNDA:0,(anonymous_30)
FNDA:0,(anonymous_31)
FNDA:0,(anonymous_32)
FNDA:0,(anonymous_33)
FNDA:0,(anonymous_34)
DA:1,10
DA:3,10
DA:6,0
DA:20,0
DA:21,0
DA:23,0
DA:30,1
DA:38,9
DA:39,9
DA:43,9
DA:44,0
DA:46,9
DA:53,0
DA:54,0
DA:57,0
DA:58,0
DA:60,0
DA:61,0
DA:62,0
DA:63,0
DA:65,0
DA:71,0
DA:78,0
DA:79,0
DA:80,0
DA:81,0
DA:83,0
DA:84,0
DA:88,0
DA:91,0
DA:97,0
DA:98,0
DA:99,0
DA:100,0
DA:102,0
DA:103,0
DA:104,0
DA:105,0
DA:107,0
DA:110,0
DA:116,0
DA:120,0
DA:122,0
DA:123,0
DA:135,0
DA:143,0
DA:147,0
DA:160,0
DA:161,0
DA:166,0
DA:167,0
DA:169,0
DA:170,0
DA:171,0
DA:172,0
DA:173,0
DA:174,0
DA:175,0
DA:176,0
DA:177,0
DA:178,0
DA:179,0
DA:180,0
DA:181,0
DA:182,0
DA:183,0
DA:184,0
DA:185,0
DA:186,0
DA:187,0
DA:188,0
DA:189,0
DA:190,0
DA:191,0
DA:196,0
DA:197,0
DA:202,0
DA:203,0
DA:208,0
DA:209,0
DA:214,0
DA:215,0
DA:220,0
DA:221,0
DA:226,0
DA:227,0
DA:232,0
DA:233,0
DA:238,0
DA:239,0
DA:244,0
DA:245,0
DA:250,0
DA:251,0
DA:256,0
DA:257,0
DA:262,0
DA:263,0
DA:268,0
DA:269,0
DA:274,0
DA:275,0
DA:280,0
DA:281,0
DA:286,0
DA:287,0
DA:292,0
DA:293,0
DA:299,0
DA:302,0
DA:322,0
DA:330,0
DA:331,0
DA:335,0
DA:336,0
DA:338,0
DA:339,0
DA:340,0
DA:341,0
DA:342,0
DA:343,0
DA:344,0
DA:346,0
DA:352,0
DA:355,0
DA:362,0
DA:363,0
DA:367,0
DA:373,0
DA:377,0
DA:379,0
DA:380,0
DA:381,0
DA:386,0
DA:393,0
DA:394,0
DA:399,0
DA:412,0
DA:413,0
DA:417,0
DA:418,0
DA:420,0
DA:427,0
DA:431,0
LF:144
LH:7
BRDA:20,0,0,0
BRDA:20,0,1,0
BRDA:43,1,0,0
BRDA:43,1,1,9
BRDA:57,2,0,0
BRDA:57,2,1,0
BRDA:80,3,0,0
BRDA:80,3,1,0
BRDA:99,4,0,0
BRDA:99,4,1,0
BRDA:120,5,0,0
BRDA:120,5,1,0
BRDA:122,6,0,0
BRDA:122,6,1,0
BRDA:135,7,0,0
BRDA:135,7,1,0
BRDA:147,8,0,0
BRDA:147,8,1,0
BRDA:166,9,0,0
BRDA:166,9,1,0
BRDA:190,10,0,0
BRDA:190,10,1,0
BRDA:196,11,0,0
BRDA:196,11,1,0
BRDA:202,12,0,0
BRDA:202,12,1,0
BRDA:208,13,0,0
BRDA:208,13,1,0
BRDA:214,14,0,0
BRDA:214,14,1,0
BRDA:220,15,0,0
BRDA:220,15,1,0
BRDA:226,16,0,0
BRDA:226,16,1,0
BRDA:232,17,0,0
BRDA:232,17,1,0
BRDA:238,18,0,0
BRDA:238,18,1,0
BRDA:244,19,0,0
BRDA:244,19,1,0
BRDA:250,20,0,0
BRDA:250,20,1,0
BRDA:256,21,0,0
BRDA:256,21,1,0
BRDA:262,22,0,0
BRDA:262,22,1,0
BRDA:268,23,0,0
BRDA:268,23,1,0
BRDA:274,24,0,0
BRDA:274,24,1,0
BRDA:280,25,0,0
BRDA:280,25,1,0
BRDA:286,26,0,0
BRDA:286,26,1,0
BRDA:292,27,0,0
BRDA:292,27,1,0
BRDA:335,28,0,0
BRDA:335,28,1,0
BRDA:362,29,0,0
BRDA:362,29,1,0
BRDA:367,30,0,0
BRDA:367,30,1,0
BRDA:377,31,0,0
BRDA:377,31,1,0
BRDA:379,32,0,0
BRDA:379,32,1,0
BRDA:380,33,0,0
BRDA:380,33,1,0
BRDA:386,34,0,0
BRDA:386,34,1,0
BRDA:393,35,0,0
BRDA:393,35,1,0
BRDA:399,36,0,0
BRDA:399,36,1,0
BRDA:417,37,0,0
BRDA:417,37,1,0
BRDA:431,38,0,0
BRDA:431,38,1,0
BRF:78
BRH:1
end_of_record
TN:
SF:routes\admin.js
FNF:0
FNH:0
DA:1,10
DA:12,10
DA:14,10
DA:15,10
DA:18,10
DA:19,10
DA:24,10
DA:27,10
DA:28,10
DA:31,10
DA:32,10
DA:34,10
LF:12
LH:12
BRF:0
BRH:0
end_of_record
TN:
SF:routes\index.js
FN:30,(anonymous_0)
FNF:1
FNH:0
FNDA:0,(anonymous_0)
DA:1,10
DA:2,10
DA:3,10
DA:4,10
DA:5,10
DA:16,10
DA:18,10
DA:20,10
DA:21,10
DA:22,10
DA:23,10
DA:24,10
DA:25,10
DA:28,10
DA:31,0
DA:38,10
DA:39,10
DA:42,10
DA:43,10
DA:46,10
DA:47,10
DA:50,10
DA:51,10
DA:54,10
DA:55,10
DA:58,10
DA:60,10
DA:61,10
DA:62,10
DA:63,10
DA:65,10
LF:31
LH:30
BRF:0
BRH:0
end_of_record
TN:
SF:routes\staff.js
FNF:0
FNH:0
DA:1,10
DA:6,10
DA:7,10
DA:8,10
DA:10,10
DA:11,10
DA:12,10
DA:14,10
DA:16,10
DA:17,10
DA:18,10
LF:11
LH:11
BRF:0
BRH:0
end_of_record
TN:
SF:routes\user.js
FNF:0
FNH:0
DA:1,10
DA:7,10
DA:9,10
DA:10,10
DA:13,10
DA:14,10
DA:16,10
DA:17,10
DA:18,10
DA:20,10
DA:21,10
DA:22,10
DA:23,10
DA:24,10
LF:14
LH:14
BRF:0
BRH:0
end_of_record
